---
Wed Aug 17 02:35:50 CEST 2022
Scheduling a call: fortsoftware.factory.shardnet.near.ping({})
Doing account.functionCall()
Transaction Id Gsdzf9EfCPhweYoFTtzbWooNn6s1iwPaD7Uu5zabbivr
To see the transaction in the transaction explorer, please open this url in your browser
https://explorer.shardnet.near.org/transactions/Gsdzf9EfCPhweYoFTtzbWooNn6s1iwPaD7Uu5zabbivr
''
| Proposal(Accepted) | fortsoftware.factory.shardnet.near           | 530                | 1       |
---
Wed 17 Aug 2022 04:30:01 AM CEST
Scheduling a call: fortsoftware.factory.shardnet.near.ping({})
Doing account.functionCall()
Receipts: 4ivSzLL2qrVPPjDnzXLkQ3WarEMaN7zkhLCQM5yKxSau, 3sbj14RJLTDYUP4vDDPfX74dyDVwq6A2NcCsPq4EKuE4, 7YJSNzRyVWLDxCRX5SQmPopLdkKjr54E6E7sJcd1Q6UZ
	Log [fortsoftware.factory.shardnet.near]: Epoch 67: Contract received total rewards of 1771833950692000000000 tokens. New total staked balance is 530029009716453747000000000. Total number of shares 529719418179357833098718438
	Log [fortsoftware.factory.shardnet.near]: Total rewards fee is 12395593120104347929 and burn is 531239705147329196977 stake shares.
Transaction Id 9rgtFeWVBSP4caHjMkbd4Ui52pKokZnLnUYKZZXNGpKH
To see the transaction in the transaction explorer, please open this url in your browser
https://explorer.shardnet.near.org/transactions/9rgtFeWVBSP4caHjMkbd4Ui52pKokZnLnUYKZZXNGpKH
''
| Proposal(Accepted) | fortsoftware.factory.shardnet.near        | 530                | 1       |
---
Wed 17 Aug 2022 06:30:01 AM CEST
Scheduling a call: fortsoftware.factory.shardnet.near.ping({})
Doing account.functionCall()
Transaction Id C47pvCh1uuvy7hX89HzTjjPh4jWAcZHzBPWhwZc8gpkz
To see the transaction in the transaction explorer, please open this url in your browser
https://explorer.shardnet.near.org/transactions/C47pvCh1uuvy7hX89HzTjjPh4jWAcZHzBPWhwZc8gpkz
''
| Proposal(Accepted) | fortsoftware.factory.shardnet.near           | 550                | 1       |
---
Wed 17 Aug 2022 08:30:01 AM CEST
Scheduling a call: fortsoftware.factory.shardnet.near.ping({})
Doing account.functionCall()
Transaction Id 8ryE56GR85A7FB6zuGFHX3pLrZPWeUcC5gmEw28YExF5
To see the transaction in the transaction explorer, please open this url in your browser
https://explorer.shardnet.near.org/transactions/8ryE56GR85A7FB6zuGFHX3pLrZPWeUcC5gmEw28YExF5
''
| Proposal(Accepted) | fortsoftware.factory.shardnet.near           | 550                | 1       |
---
Wed 17 Aug 2022 10:30:01 AM CEST
Scheduling a call: fortsoftware.factory.shardnet.near.ping({})
Doing account.functionCall()
Receipts: Fto6faS47MYkFyhvMxZRaR2jfUxN7mzsFJGGQZ1pNXFh, 4xWj7Uys6AKE5EExZBJ4RNc3ty1UqQa3vmPx1AYbGbni, DHzYhNrUY5AUvcRAtLtdEYsSNsoWaiVTYWc9KH34hfZ7
	Log [fortsoftware.factory.shardnet.near]: Epoch 68: Contract received total rewards of 3339767490397000000000 tokens. New total staked balance is 550032349483944144000000000. Total number of shares 549708760824687871676502315
	Log [fortsoftware.factory.shardnet.near]: Total rewards fee is 23364618739567656289 and burn is 1001340803124328126672 stake shares.
Transaction Id 9JT6SrbJUm8KyFDUXfYJRJnCxZpHrsLRAnUBL4FMZzeY
To see the transaction in the transaction explorer, please open this url in your browser
https://explorer.shardnet.near.org/transactions/9JT6SrbJUm8KyFDUXfYJRJnCxZpHrsLRAnUBL4FMZzeY
''
| Proposal(Accepted) | fortsoftware.factory.shardnet.near           | 550                | 1       |
---
Wed 17 Aug 2022 12:30:01 PM CEST
Scheduling a call: fortsoftware.factory.shardnet.near.ping({})
Doing account.functionCall()
Transaction Id F4by57rhzL4C1ZoyBbuR6wtMzbKBKTwLk3TR6sv2Sr9F
To see the transaction in the transaction explorer, please open this url in your browser
https://explorer.shardnet.near.org/transactions/F4by57rhzL4C1ZoyBbuR6wtMzbKBKTwLk3TR6sv2Sr9F
''
| Proposal(Accepted) | fortsoftware.factory.shardnet.near           | 550                | 1       |
---
Wed 17 Aug 2022 02:30:01 PM CEST
Scheduling a call: fortsoftware.factory.shardnet.near.ping({})
Doing account.functionCall()
Receipts: 8jzxyBrD4MSWEc16js8oPmdLekAWzTHEnReXehgp6nVs, 7pDUBjEckmLTDAGpdoxrGjmkz3ZyqhTGfn8PbZY67FW8, HhkPUbzonkkjeRP51UMzgCFBgBLuJneGEFFHGg9qtgAz
	Log [fortsoftware.factory.shardnet.near]: Epoch 69: Contract received total rewards of 1722117130872000000000 tokens. New total staked balance is 550034071601075016000000000. Total number of shares 549709289202467855532684582
	Log [fortsoftware.factory.shardnet.near]: Total rewards fee is 12047701823736134449 and burn is 516330078160120047818 stake shares.
Transaction Id 2tD1Q3Nwv95uUVEfawHgY9Pqqv1TLYTN1FZEzEPvBHsV
To see the transaction in the transaction explorer, please open this url in your browser
https://explorer.shardnet.near.org/transactions/2tD1Q3Nwv95uUVEfawHgY9Pqqv1TLYTN1FZEzEPvBHsV
''
| Proposal(Accepted) | fortsoftware.factory.shardnet.near           | 550                | 1       |
---
Wed 17 Aug 2022 04:30:01 PM CEST
Scheduling a call: fortsoftware.factory.shardnet.near.ping({})
Doing account.functionCall()
Transaction Id ArC6vqEDU8cEXVHA5VZBkBF8XQfY5NBhmwQXCDBaYKGP
To see the transaction in the transaction explorer, please open this url in your browser
https://explorer.shardnet.near.org/transactions/ArC6vqEDU8cEXVHA5VZBkBF8XQfY5NBhmwQXCDBaYKGP
''
| Proposal(Accepted) | fortsoftware.factory.shardnet.near           | 550                | 1       |
---
Wed 17 Aug 2022 06:00:01 PM CEST
Scheduling a call: fortsoftware.factory.shardnet.near.ping({})
Doing account.functionCall()
Receipts: 5BNBQfhBusd8UDui8nxFXdXHdRMvthXBDL5kWYAZdcc1, Fxehjwu9AFZznRz7QR8d6PbQJcLMDaCNHmfhNnH1DKk1, L6FhLZGg81QtM2NCVvVRXZL1bBcsYMSfpJdqPCkkMKx
	Log [fortsoftware.factory.shardnet.near]: Epoch 70: Contract received total rewards of 1684726009143000000000 tokens. New total staked balance is 550035756327084159000000000. Total number of shares 549709806106854403240903134
	Log [fortsoftware.factory.shardnet.near]: Total rewards fee is 11786093504345138533 and burn is 505118293043363080019 stake shares.
Transaction Id GfadxyaUMHdtTEuCJmAUCTAAUfYCbgxvT4ttzx4annJb
To see the transaction in the transaction explorer, please open this url in your browser
https://explorer.shardnet.near.org/transactions/GfadxyaUMHdtTEuCJmAUCTAAUfYCbgxvT4ttzx4annJb
''
| Proposal(Accepted) | fortsoftware.factory.shardnet.near        | 550                | 1       |
---
Wed 17 Aug 2022 08:00:01 PM CEST
Scheduling a call: fortsoftware.factory.shardnet.near.ping({})
Doing account.functionCall()
Transaction Id 5zdkWx4ohKdMqSYc8FtYpEWpocUTxZWvRMcE5L5M9Loz
To see the transaction in the transaction explorer, please open this url in your browser
https://explorer.shardnet.near.org/transactions/5zdkWx4ohKdMqSYc8FtYpEWpocUTxZWvRMcE5L5M9Loz
''
| Proposal(Accepted) | fortsoftware.factory.shardnet.near           | 550                | 1       |
---
Wed 17 Aug 2022 10:00:01 PM CEST
Scheduling a call: fortsoftware.factory.shardnet.near.ping({})
Doing account.functionCall()
Transaction Id E473ZHGjYnp4Lt44NHWHJbKWRxzd6fngQd6dm93i6tsE
To see the transaction in the transaction explorer, please open this url in your browser
https://explorer.shardnet.near.org/transactions/E473ZHGjYnp4Lt44NHWHJbKWRxzd6fngQd6dm93i6tsE
''
| Proposal(Accepted) | fortsoftware.factory.shardnet.near           | 550                | 1       |
---
Thu 18 Aug 2022 12:00:01 AM CEST
Scheduling a call: fortsoftware.factory.shardnet.near.ping({})
Doing account.functionCall()
Receipts: 8jU6HYszunCnM27y6bbMYLKUTteembs82wnY3TVW8T7G, HQyy3wbUacPjXAqyqySR7g3bhT6c2m6rgAroaMK9YyDu, BYD9viueB1hStAmtrpnC2CP7kUc6vLRLYACVit3EKkV6
	Log [fortsoftware.factory.shardnet.near]: Epoch 71: Contract received total rewards of 1798622291769166386798 tokens. New total staked balance is 550037554949375928166386798. Total number of shares 549710357955428279790979540
	Log [fortsoftware.factory.shardnet.near]: Total rewards fee is 12582866505328503370 and burn is 539265707371221573036 stake shares.
Transaction Id 9ViEYmMECLxmWGJQW13b1973XmDHt8kSWTWQqudUnz3q
To see the transaction in the transaction explorer, please open this url in your browser
https://explorer.shardnet.near.org/transactions/9ViEYmMECLxmWGJQW13b1973XmDHt8kSWTWQqudUnz3q
''
| Proposal(Accepted) | fortsoftware.factory.shardnet.near           | 550                | 1       |
---
Thu 18 Aug 2022 02:00:01 AM CEST
Scheduling a call: fortsoftware.factory.shardnet.near.ping({})
Doing account.functionCall()
Transaction Id EvGTnFoFk6EejzDsZtkxnzg6iT3kXeJqYrkd4EUCGfTP
To see the transaction in the transaction explorer, please open this url in your browser
https://explorer.shardnet.near.org/transactions/EvGTnFoFk6EejzDsZtkxnzg6iT3kXeJqYrkd4EUCGfTP
''
| Proposal(Accepted) | fortsoftware.factory.shardnet.near           | 550                | 1       |
---
Thu 18 Aug 2022 04:00:01 AM CEST
Scheduling a call: fortsoftware.factory.shardnet.near.ping({})
Doing account.functionCall()
Receipts: EHLiTgMtN28JL4NqfARrzmPWFxReZitkzaoMGLLDdnAJ, 5UV5GaUHuwXfSV1uzJU5ZAP5ruJ2zFCckkjsVsNgCNCN, 2L1bBfHPhzbT1hp3iiEFKMGeMFEP4mGGPMge74obPH4z
	Log [fortsoftware.factory.shardnet.near]: Epoch 72: Contract received total rewards of 1701307666545000000000 tokens. New total staked balance is 550039256257042473166386798. Total number of shares 549710879945065210330196733
	Log [fortsoftware.factory.shardnet.near]: Total rewards fee is 11902043838807083128 and burn is 510087593091732134065 stake shares.
Transaction Id EWMr6zqjCoznkegXBbfS6aixZBLqMpyhRcfNNw82ZujP
To see the transaction in the transaction explorer, please open this url in your browser
https://explorer.shardnet.near.org/transactions/EWMr6zqjCoznkegXBbfS6aixZBLqMpyhRcfNNw82ZujP
''
| Proposal(Accepted) | fortsoftware.factory.shardnet.near           | 550                | 1       |
---
Thu 18 Aug 2022 06:00:01 AM CEST
Scheduling a call: fortsoftware.factory.shardnet.near.ping({})
Doing account.functionCall()
Transaction Id G5nhLdcw2zGhJbkrzmRE5qsGQ1LvzooZtzuSENeNuxAp
To see the transaction in the transaction explorer, please open this url in your browser
https://explorer.shardnet.near.org/transactions/G5nhLdcw2zGhJbkrzmRE5qsGQ1LvzooZtzuSENeNuxAp
''
| Proposal(Accepted) | fortsoftware.factory.shardnet.near           | 550                | 1       |
---
Thu 18 Aug 2022 08:00:01 AM CEST
Scheduling a call: fortsoftware.factory.shardnet.near.ping({})
Doing account.functionCall()
Receipts: 5ANqvrhHETbs9zEFiJw4JZPD1qwr64dLHo3sEQcTwpue, FfDux2jF6KUszESdV4g35NmRtrbjozXSJYr1d37wE9xS, HMx3q7UWsEwmtsEYkmorMbFPb1Ea5uJWr3uvt9uEE1wN
	Log [fortsoftware.factory.shardnet.near]: Epoch 73: Contract received total rewards of 1672497736416199177696 tokens. New total staked balance is 550040928754778889365564494. Total number of shares 549711393094252586459471337
	Log [fortsoftware.factory.shardnet.near]: Total rewards fee is 11700470070465488345 and burn is 501448717305663786259 stake shares.
Transaction Id HtMycT3YjKjJeT5J9jGKYvuhKoCXnH2h7WXuRbbBW58i
To see the transaction in the transaction explorer, please open this url in your browser
https://explorer.shardnet.near.org/transactions/HtMycT3YjKjJeT5J9jGKYvuhKoCXnH2h7WXuRbbBW58i
''
| Proposal(Accepted) | fortsoftware.factory.shardnet.near           | 550                | 1       |
---
Thu 18 Aug 2022 10:00:01 AM CEST
Scheduling a call: fortsoftware.factory.shardnet.near.ping({})
Doing account.functionCall()
Transaction Id 7MBJgik8Wtwf78YLh7GD79zCeFuac8BHHGfvqeJ735kK
To see the transaction in the transaction explorer, please open this url in your browser
https://explorer.shardnet.near.org/transactions/7MBJgik8Wtwf78YLh7GD79zCeFuac8BHHGfvqeJ735kK
''
| Proposal(Accepted) | fortsoftware.factory.shardnet.near           | 550                | 1       |
---
Thu 18 Aug 2022 12:00:01 PM CEST
Scheduling a call: fortsoftware.factory.shardnet.near.ping({})
Doing account.functionCall()
Receipts: 36i3MSt4qPWDkAErSmsNyoF2Jk1sqFL7uJJeCmmKW9Yc, 2RPAz4jMgiKmqXu4Qf2bh58ypC9xuPr2xrR6yQkLAFin, 8YERCDj8AyRqoCamSM2FZcvyCjGCcTnxccEcLEhW1yAH
	Log [fortsoftware.factory.shardnet.near]: Epoch 74: Contract received total rewards of 1668163357404000000000 tokens. New total staked balance is 550042596918136293365564494. Total number of shares 549711904912507112235395669
	Log [fortsoftware.factory.shardnet.near]: Total rewards fee is 11670123067362968958 and burn is 500148131458412955374 stake shares.
Transaction Id CSWvJnY3QYDp7Gb8TpdJk3MZVP7PeC5R5TRKJ6HKzmef
To see the transaction in the transaction explorer, please open this url in your browser
https://explorer.shardnet.near.org/transactions/CSWvJnY3QYDp7Gb8TpdJk3MZVP7PeC5R5TRKJ6HKzmef
''
| Proposal(Accepted) | fortsoftware.factory.shardnet.near           | 550                | 1       |
---
Thu 18 Aug 2022 02:00:01 PM CEST
Scheduling a call: fortsoftware.factory.shardnet.near.ping({})
Doing account.functionCall()
Transaction Id CLs5hibC4sptXixNDANWL2LFkmEaa88uiDMVKq59yNfG
To see the transaction in the transaction explorer, please open this url in your browser
https://explorer.shardnet.near.org/transactions/CLs5hibC4sptXixNDANWL2LFkmEaa88uiDMVKq59yNfG
''
| Proposal(Accepted) | fortsoftware.factory.shardnet.near           | 550                | 1       |
---
Thu 18 Aug 2022 04:00:01 PM CEST
Scheduling a call: fortsoftware.factory.shardnet.near.ping({})
Doing account.functionCall()
Receipts: 4d5YXf3LiSphf5afGKVX3Qxmh5gM2cRw8fxE3YkuBjKg, G1c47skzw7sApRNwqemakAmZJYzzDqmrKAv5Sf1RcJcS, Lt87X4JGPmB6KREs5kAAeXnSg26SRzENUbSj1a78D2T
	Log [fortsoftware.factory.shardnet.near]: Epoch 75: Contract received total rewards of 1647397842377000000000 tokens. New total staked balance is 550044244315978670365564494. Total number of shares 549712410358532172919707719
	Log [fortsoftware.factory.shardnet.near]: Total rewards fee is 11524827932979772587 and burn is 493921197127704539463 stake shares.
Transaction Id E9HU2gVPoE4ii4mT7QyxNYMsgh33orwM7av4jF9ZUxed
To see the transaction in the transaction explorer, please open this url in your browser
https://explorer.shardnet.near.org/transactions/E9HU2gVPoE4ii4mT7QyxNYMsgh33orwM7av4jF9ZUxed
''
| Proposal(Accepted) | fortsoftware.factory.shardnet.near           | 550                | 1       |
---
Thu 18 Aug 2022 06:00:01 PM CEST
Scheduling a call: fortsoftware.factory.shardnet.near.ping({})
Doing account.functionCall()
Transaction Id C3BCjEGkAmjX7vLz69QETAT15kS5CmpJEBxiYSg9HAdT
To see the transaction in the transaction explorer, please open this url in your browser
https://explorer.shardnet.near.org/transactions/C3BCjEGkAmjX7vLz69QETAT15kS5CmpJEBxiYSg9HAdT
''
| Proposal(Accepted) | fortsoftware.factory.shardnet.near           | 550                | 1       |
---
Thu 18 Aug 2022 08:00:01 PM CEST
Scheduling a call: fortsoftware.factory.shardnet.near.ping({})
Doing account.functionCall()
Receipts: 9ufxJyrYa33WrztY33j8uqyfE2X8FYqtTJ8ovbcrSJBo, 6G8tYJRXL6tHHWmFBuajLZ2onjphL58pz21M9PiVS4nd, 6QgKCs76RuMupz3veMstzTe4iP6FygnXrpFvzw6SFGTz
	Log [fortsoftware.factory.shardnet.near]: Epoch 76: Contract received total rewards of 1644038207812156565124 tokens. New total staked balance is 550045888354186482522129618. Total number of shares 549712914772726852050825391
	Log [fortsoftware.factory.shardnet.near]: Total rewards fee is 11501300855875953822 and burn is 492912893823255163850 stake shares.
Transaction Id 42gLsJQ1V31PonFgfgJGJKzCapxUYKQkcLUbTbuTJU3m
To see the transaction in the transaction explorer, please open this url in your browser
https://explorer.shardnet.near.org/transactions/42gLsJQ1V31PonFgfgJGJKzCapxUYKQkcLUbTbuTJU3m
''
| Proposal(Accepted) | fortsoftware.factory.shardnet.near           | 550                | 1       |
---
Thu 18 Aug 2022 10:00:01 PM CEST
Scheduling a call: fortsoftware.factory.shardnet.near.ping({})
Doing account.functionCall()
Transaction Id 4XZN2AgpJYeHKCmnaTLTXNFxaftFQECLiqh1JJDioofj
To see the transaction in the transaction explorer, please open this url in your browser
https://explorer.shardnet.near.org/transactions/4XZN2AgpJYeHKCmnaTLTXNFxaftFQECLiqh1JJDioofj
''
| Proposal(Accepted) | fortsoftware.factory.shardnet.near           | 550                | 1       |
---
Fri 19 Aug 2022 12:00:01 AM CEST
Scheduling a call: fortsoftware.factory.shardnet.near.ping({})
Doing account.functionCall()
Receipts: 5oAMAXpK16ywxCFVAwSqR1vGsMKMMgAhZGJrr3wznEip, BLUhjDi3ykX1x1FNHvMs8rTsKmc8WazZzege36wUde5Q, HFgJwq6LX7zVRe9Mz4WGov9LcZYKbTC52itqvszzqr5p
	Log [fortsoftware.factory.shardnet.near]: Epoch 77: Contract received total rewards of 1655690522279000000000 tokens. New total staked balance is 550047544044708761522129618. Total number of shares 549713422760956894929023861
	Log [fortsoftware.factory.shardnet.near]: Total rewards fee is 11582793518892988238 and burn is 496405436523985210232 stake shares.
Transaction Id B7mrSJ3ecdAyPLm2tjSeVdTuFyfiU4iTjrpGDZ5pmxLV
To see the transaction in the transaction explorer, please open this url in your browser
https://explorer.shardnet.near.org/transactions/B7mrSJ3ecdAyPLm2tjSeVdTuFyfiU4iTjrpGDZ5pmxLV
''
| Proposal(Accepted) | fortsoftware.factory.shardnet.near           | 550                | 1       |
---
Fri 19 Aug 2022 02:00:01 AM CEST
Scheduling a call: fortsoftware.factory.shardnet.near.ping({})
Doing account.functionCall()
Transaction Id 9WYVPNL3Hz62SGqeF5cWuBVtoiYSr4VuFdeZJinfnrZr
To see the transaction in the transaction explorer, please open this url in your browser
https://explorer.shardnet.near.org/transactions/9WYVPNL3Hz62SGqeF5cWuBVtoiYSr4VuFdeZJinfnrZr
''
| Proposal(Accepted) | fortsoftware.factory.shardnet.near           | 550                | 1       |
---
Fri 19 Aug 2022 04:00:01 AM CEST
Scheduling a call: fortsoftware.factory.shardnet.near.ping({})
Doing account.functionCall()
Receipts: 58RbYfFvSDC7U6fjnBTxwouu7NTnL7JLDi5z1mz3WqfR, EvMnwh92FaKShRrXPdnodTQ1cknRiyEh9ff2gmiofsRT, 6jhARAPCzcAHYrhVGX4JZdJDy9cjV2njHNaNBCpPq4Vr
	Log [fortsoftware.factory.shardnet.near]: Epoch 78: Contract received total rewards of 1663995543520000000000 tokens. New total staked balance is 550049208040252281522129618. Total number of shares 549713933296209389434719985
	Log [fortsoftware.factory.shardnet.near]: Total rewards fee is 11640868949386123364 and burn is 498894383545119572760 stake shares.
Transaction Id FEWdRbwpxNp2n6MfBpsXY6tKXMkb7jb2XLXoynbPaWWa
To see the transaction in the transaction explorer, please open this url in your browser
https://explorer.shardnet.near.org/transactions/FEWdRbwpxNp2n6MfBpsXY6tKXMkb7jb2XLXoynbPaWWa
''
| Proposal(Accepted) | fortsoftware.factory.shardnet.near           | 550                | 1       |
---
Fri 19 Aug 2022 06:00:01 AM CEST
Scheduling a call: fortsoftware.factory.shardnet.near.ping({})
Doing account.functionCall()
Transaction Id B5tY5fKdJikfTy3KHtxKbMpnRv4ovFSHLGvmT5CNWUUr
To see the transaction in the transaction explorer, please open this url in your browser
https://explorer.shardnet.near.org/transactions/B5tY5fKdJikfTy3KHtxKbMpnRv4ovFSHLGvmT5CNWUUr
''
| Proposal(Accepted) | fortsoftware.factory.shardnet.near           | 550                | 1       |
---
Fri 19 Aug 2022 08:00:01 AM CEST
Scheduling a call: fortsoftware.factory.shardnet.near.ping({})
Doing account.functionCall()
Receipts: 3JicdABpsjsyZV8VxtdDHR6Pz3yWLBwTej5xPbRSj6Ai, DJSxfSdYVvYhrxgYhU4pUNnJjmW7SVjCPyMidV9mQb3q, Br44UzMc57yfxcWgXKJJ4fkY52DWK4tV4ypFokvA7Gkr
	Log [fortsoftware.factory.shardnet.near]: Epoch 79: Contract received total rewards of 1697315448180480154064 tokens. New total staked balance is 550050905355700462002283682. Total number of shares 549714454053323942819083911
	Log [fortsoftware.factory.shardnet.near]: Total rewards fee is 11873940722715604388 and burn is 508883173830668759538 stake shares.
Transaction Id FU2w8BdtKNnncFBCYAmxJfcTtKGwYbGWmCPgAWn7V6za
To see the transaction in the transaction explorer, please open this url in your browser
https://explorer.shardnet.near.org/transactions/FU2w8BdtKNnncFBCYAmxJfcTtKGwYbGWmCPgAWn7V6za
''
| Proposal(Accepted) | fortsoftware.factory.shardnet.near           | 550                | 1       |
---
Fri 19 Aug 2022 10:00:01 AM CEST
Scheduling a call: fortsoftware.factory.shardnet.near.ping({})
Doing account.functionCall()
Transaction Id 5vd94D17o8KmiXpH7Xe2X9rMo3D6o6S2TVzGnbZt3ehR
To see the transaction in the transaction explorer, please open this url in your browser
https://explorer.shardnet.near.org/transactions/5vd94D17o8KmiXpH7Xe2X9rMo3D6o6S2TVzGnbZt3ehR
''
| Proposal(Accepted) | fortsoftware.factory.shardnet.near           | 1,550              | 1       |
---
Fri 19 Aug 2022 12:00:01 PM CEST
Scheduling a call: fortsoftware.factory.shardnet.near.ping({})
Doing account.functionCall()
Receipts: FgXMNmYGgVmyNcUZnB9t82UvGRHaeaMCsabPcNXZBoqg, Dt7Cp1jASYTs2DrHB6Ha5LZ44evcpbD4vfnyidZdhvnd, 3YCrVkXxpaETGLaf57Gbhhb2ZdKPGsxtnug9k6oHSVsx
	Log [fortsoftware.factory.shardnet.near]: Epoch 80: Contract received total rewards of 3218457039142000000000 tokens. New total staked balance is 1550054123812739604002283682. Total number of shares 1549103768486670578984679537
	Log [fortsoftware.factory.shardnet.near]: Total rewards fee is 22515386372758367263 and burn is 964945130261072882722 stake shares.
Transaction Id ECwxcfks78E6HCruKrpH2tY9LLFk19NotteZ9rThipy6
To see the transaction in the transaction explorer, please open this url in your browser
https://explorer.shardnet.near.org/transactions/ECwxcfks78E6HCruKrpH2tY9LLFk19NotteZ9rThipy6
''
| Proposal(Accepted) | fortsoftware.factory.shardnet.near           | 1,550              | 1       |
---
Fri 19 Aug 2022 02:00:01 PM CEST
Scheduling a call: fortsoftware.factory.shardnet.near.ping({})
Doing account.functionCall()
Transaction Id 66ze5NFLgDCMvCcJfBzZ8fe2DPyewCwo5jyeCPxeJbsY
To see the transaction in the transaction explorer, please open this url in your browser
https://explorer.shardnet.near.org/transactions/66ze5NFLgDCMvCcJfBzZ8fe2DPyewCwo5jyeCPxeJbsY
''
| Proposal(Accepted) | fortsoftware.factory.shardnet.near           | 1,550              | 1       |
---
Fri 19 Aug 2022 04:00:01 PM CEST
Scheduling a call: fortsoftware.factory.shardnet.near.ping({})
Doing account.functionCall()
Receipts: 97zuUpYwgcZdghoC515GEUDdLZxPDHgVJDzExQoUdbSd, FKx4eAuxToYkog8z756AD4Vqm28HhqXmirPmX8z6hRjc, 7RCrwj2HDyryBp2uD2XQgaoJqm2berksum2CarDXcZMV
	Log [fortsoftware.factory.shardnet.near]: Epoch 81: Contract received total rewards of 1665922256240019932648 tokens. New total staked balance is 1550055789734995844022216330. Total number of shares 1549104279610854182755611773
	Log [fortsoftware.factory.shardnet.near]: Total rewards fee is 11654297346014320929 and burn is 499469886257756611307 stake shares.
Transaction Id 3t7FjDpG9pMTY3sRjLfQLGUSwKTJL15sE54a4ExTPp9J
To see the transaction in the transaction explorer, please open this url in your browser
https://explorer.shardnet.near.org/transactions/3t7FjDpG9pMTY3sRjLfQLGUSwKTJL15sE54a4ExTPp9J
''
| Proposal(Accepted) | fortsoftware.factory.shardnet.near           | 1,550              | 1       |
---
Fri 19 Aug 2022 06:00:01 PM CEST
Scheduling a call: fortsoftware.factory.shardnet.near.ping({})
Doing account.functionCall()
Transaction Id 2ApteXzQRm4iHL4d7D7LAdNKBALG5vbEvjrCLqE7RWQ3
To see the transaction in the transaction explorer, please open this url in your browser
https://explorer.shardnet.near.org/transactions/2ApteXzQRm4iHL4d7D7LAdNKBALG5vbEvjrCLqE7RWQ3
''
| Proposal(Accepted) | fortsoftware.factory.shardnet.near           | 1,550              | 1       |
---
Fri 19 Aug 2022 08:00:01 PM CEST
Scheduling a call: fortsoftware.factory.shardnet.near.ping({})
Doing account.functionCall()
Receipts: DPWuRu311ZbdU9n6fjWMnUnjmgGf2EcMTXMjnVLkTinD, EpohHuyhgmnZfKUymhJSSkbtAJ8DzbxtYXirYFFbLJuP, DhoRYCK3Ln2RtEmRDSZQ3kDLgJqHUC2a6MrLdCjVvyTs
	Log [fortsoftware.factory.shardnet.near]: Epoch 82: Contract received total rewards of 1694574058848000000000 tokens. New total staked balance is 1550057484309054692022216330. Total number of shares 1549104799525347758454418595
	Log [fortsoftware.factory.shardnet.near]: Total rewards fee is 11854727866546878331 and burn is 508059765709151928491 stake shares.
Transaction Id EQXGqmD8tYUV6ZSRemWGhNHsqL6WkV4qgpk96ecHpRKK
To see the transaction in the transaction explorer, please open this url in your browser
https://explorer.shardnet.near.org/transactions/EQXGqmD8tYUV6ZSRemWGhNHsqL6WkV4qgpk96ecHpRKK
''
| Proposal(Accepted) | fortsoftware.factory.shardnet.near           | 1,550              | 1       |
---
Fri 19 Aug 2022 10:00:01 PM CEST
Scheduling a call: fortsoftware.factory.shardnet.near.ping({})
Doing account.functionCall()
Transaction Id 3wPw3adezVJT2RxJcgzAXV9WtrmmeiWi8dn31AfLBhZb
To see the transaction in the transaction explorer, please open this url in your browser
https://explorer.shardnet.near.org/transactions/3wPw3adezVJT2RxJcgzAXV9WtrmmeiWi8dn31AfLBhZb
''
| Proposal(Accepted) | fortsoftware.factory.shardnet.near           | 1,550              | 1       |
---
Sat 20 Aug 2022 12:00:01 AM CEST
Scheduling a call: fortsoftware.factory.shardnet.near.ping({})
Doing account.functionCall()
Receipts: ffUXEQfJhg38Dg3zDsXCadZhbdapWcGFemjZ7wjRjLe, 6KBR4y8joq8pd9kcopxL8696S8gXGVDuZGj7KSg43fEZ, 9u5fzKyAGfVCkkjoaz6B7fQNdG5uYJNVBC3atvSSTBCB
	Log [fortsoftware.factory.shardnet.near]: Epoch 83: Contract received total rewards of 1636610207952000000000 tokens. New total staked balance is 1550059120919262644022216330. Total number of shares 1549105301655508672687545655
	Log [fortsoftware.factory.shardnet.near]: Total rewards fee is 11449221910096520812 and burn is 490680939004136606248 stake shares.
Transaction Id 4RhcrvFBLMcrLAxXbr5Nd8Mf75PMVPuNo89xD2fW5VQj
To see the transaction in the transaction explorer, please open this url in your browser
https://explorer.shardnet.near.org/transactions/4RhcrvFBLMcrLAxXbr5Nd8Mf75PMVPuNo89xD2fW5VQj
''
| Proposal(Accepted) | fortsoftware.factory.shardnet.near           | 1,550              | 1       |
---
Sat 20 Aug 2022 02:00:01 AM CEST
Scheduling a call: fortsoftware.factory.shardnet.near.ping({})
Doing account.functionCall()
Transaction Id DzBzE61FkZKF77ED9oArdadrUcq9JryUG6ttsZkjfonv
To see the transaction in the transaction explorer, please open this url in your browser
https://explorer.shardnet.near.org/transactions/DzBzE61FkZKF77ED9oArdadrUcq9JryUG6ttsZkjfonv
''
| Proposal(Accepted) | fortsoftware.factory.shardnet.near           | 1,550              | 1       |
---
Sat 20 Aug 2022 04:00:01 AM CEST
Scheduling a call: fortsoftware.factory.shardnet.near.ping({})
Doing account.functionCall()
Receipts: JCYpD6TUpipfRqy2q1CZ4WZ8qP79VBBQUiGEdUu8dwzx, BsJ1vYaWiSFHNZvfpa7b3snwWeyJhwaNCkiHSxuqBKZf, GYMQ17BSGYLfEAxgULw8AhJfi5q3ZfUYyUSZMAz5WUVn
	Log [fortsoftware.factory.shardnet.near]: Epoch 84: Contract received total rewards of 1657312535318000000000 tokens. New total staked balance is 1550060778231797962022216330. Total number of shares 1549105810136996440549723997
	Log [fortsoftware.factory.shardnet.near]: Total rewards fee is 11594040437703697877 and burn is 496887447330158480465 stake shares.
Transaction Id 3Q3GAkiCgsgfBwzGkJpToLwGuEJ8hmW7QWVKBjCZCGTJ
To see the transaction in the transaction explorer, please open this url in your browser
https://explorer.shardnet.near.org/transactions/3Q3GAkiCgsgfBwzGkJpToLwGuEJ8hmW7QWVKBjCZCGTJ
''
| Proposal(Accepted) | fortsoftware.factory.shardnet.near           | 1,550              | 1       |
---
Sat 20 Aug 2022 06:00:01 AM CEST
Scheduling a call: fortsoftware.factory.shardnet.near.ping({})
Doing account.functionCall()
Transaction Id 4AaQ8S5pS4YWs12Y4jmG3u4dPWMtL41L9MMB5pshsgTF
To see the transaction in the transaction explorer, please open this url in your browser
https://explorer.shardnet.near.org/transactions/4AaQ8S5pS4YWs12Y4jmG3u4dPWMtL41L9MMB5pshsgTF
''
| Proposal(Accepted) | fortsoftware.factory.shardnet.near           | 1,550              | 1       |
---
Sat 20 Aug 2022 08:00:01 AM CEST
Scheduling a call: fortsoftware.factory.shardnet.near.ping({})
Doing account.functionCall()
Receipts: FkyFmzsYJtmKoaest3kLVZFwm92pfdjXg9oNfigYr2hX, BGBb6DepXFsuvVA1TGLFBVwPNKwqK9HXMDYhbWCU7SAU, EhRHW2c4xkuav3P4pTXo5jczsYrWuZhBceud2RMdTz53
	Log [fortsoftware.factory.shardnet.near]: Epoch 85: Contract received total rewards of 1707456512994610384984 tokens. New total staked balance is 1550062485688310956632601314. Total number of shares 1549106334002801327056385239
	Log [fortsoftware.factory.shardnet.near]: Total rewards fee is 11944822912721650255 and burn is 511920981973785010987 stake shares.
Transaction Id ESNcrNTfowuiciJQZZbeaMFMYJ87Dds3ARZuqiciZLSp
To see the transaction in the transaction explorer, please open this url in your browser
https://explorer.shardnet.near.org/transactions/ESNcrNTfowuiciJQZZbeaMFMYJ87Dds3ARZuqiciZLSp
''
| Proposal(Accepted) | fortsoftware.factory.shardnet.near           | 1,550              | 1       |
---
Sat 20 Aug 2022 10:00:01 AM CEST
Scheduling a call: fortsoftware.factory.shardnet.near.ping({})
Doing account.functionCall()
Transaction Id EWXcQDHo9V1j2eskx82r4sKyJy1k3PELEdaQtqU3YcbY
To see the transaction in the transaction explorer, please open this url in your browser
https://explorer.shardnet.near.org/transactions/EWXcQDHo9V1j2eskx82r4sKyJy1k3PELEdaQtqU3YcbY
''
| Proposal(Accepted) | fortsoftware.factory.shardnet.near           | 1,550              | 1       |
---
Sat 20 Aug 2022 12:00:01 PM CEST
Scheduling a call: fortsoftware.factory.shardnet.near.ping({})
Doing account.functionCall()
Receipts: GAPd3BSU1rVYrF6AKWAyG3AKZjtdYFCKjWfVN1PrY5Eu, 5E1nBZHwkTqGNkzwJSoxfy8pRXJYb9wXKh1MgwvsY3mZ, EqYiPmyPnDEyT9ocpVbk72jvAU7cwP31P4dHbsiJJ7F7
	Log [fortsoftware.factory.shardnet.near]: Epoch 86: Contract received total rewards of 1661445052968000000000 tokens. New total staked balance is 1550064147133363924632601314. Total number of shares 1549106843751422631957608389
	Log [fortsoftware.factory.shardnet.near]: Total rewards fee is 11622932733336509974 and burn is 498125688571564713176 stake shares.
Transaction Id 5GFdHEwTfrJwJEUYsjfaixAcM3eSxLDTvfRTSphcBe5j
To see the transaction in the transaction explorer, please open this url in your browser
https://explorer.shardnet.near.org/transactions/5GFdHEwTfrJwJEUYsjfaixAcM3eSxLDTvfRTSphcBe5j
''
| Proposal(Accepted) | fortsoftware.factory.shardnet.near           | 1,550              | 1       |
---
Sat 20 Aug 2022 02:00:01 PM CEST
Scheduling a call: fortsoftware.factory.shardnet.near.ping({})
Doing account.functionCall()
Transaction Id 5dcNkKPR3ig5uzHEf5oXu7ALJEgeKvHrzwZX24UXy2fU
To see the transaction in the transaction explorer, please open this url in your browser
https://explorer.shardnet.near.org/transactions/5dcNkKPR3ig5uzHEf5oXu7ALJEgeKvHrzwZX24UXy2fU
''
| Proposal(Accepted) | fortsoftware.factory.shardnet.near           | 1,550              | 1       |
---
Sat 20 Aug 2022 04:00:01 PM CEST
Scheduling a call: fortsoftware.factory.shardnet.near.ping({})
Doing account.functionCall()
Receipts: FULuYHFH1vRXrAq9VKFZzETUxsstHtpnTS5fL2iXuzxT, ACxndddVuzSg3tcZk9SFx6vwUeYxFnPAhn6EN2aati8o, EwjfNs8rMwTWHJBXi5VqzsrRdqbZm2KmSM4GWcuUYiT1
	Log [fortsoftware.factory.shardnet.near]: Epoch 87: Contract received total rewards of 1678236617644658149180 tokens. New total staked balance is 1550065825369981569290750494. Total number of shares 1549107358651484281064472578
	Log [fortsoftware.factory.shardnet.near]: Total rewards fee is 11740392285158788434 and burn is 503159669363948075755 stake shares.
Transaction Id 5S8MQw1GSnfDss34pdFiYVm288jAhLd6GCcw4vGwpeMR
To see the transaction in the transaction explorer, please open this url in your browser
https://explorer.shardnet.near.org/transactions/5S8MQw1GSnfDss34pdFiYVm288jAhLd6GCcw4vGwpeMR
''
| Proposal(Accepted) | fortsoftware.factory.shardnet.near           | 1,550              | 1       |
---
Sat 20 Aug 2022 06:00:01 PM CEST
Scheduling a call: fortsoftware.factory.shardnet.near.ping({})
Doing account.functionCall()
Transaction Id GmjFL5kpsWzDVcW8mc9yFHa7nHhiTWGxUxTebH43i1h6
To see the transaction in the transaction explorer, please open this url in your browser
https://explorer.shardnet.near.org/transactions/GmjFL5kpsWzDVcW8mc9yFHa7nHhiTWGxUxTebH43i1h6
''
| Proposal(Accepted) | fortsoftware.factory.shardnet.near           | 1,550              | 1       |
---
Sat 20 Aug 2022 08:00:01 PM CEST
Scheduling a call: fortsoftware.factory.shardnet.near.ping({})
Doing account.functionCall()
Receipts: B6XAt4zZpmH7gKyJhnfBmFgBRDey56WzwnUkLyDZCVTV, 4f1627DM8JZfSyjjpaBwqrjFKT8feKM5nDQdZD643F4g, FpPbEek8fsdUR5nz7Zjp7BEGAWuHy2yHQtPu5Gacyz9E
	Log [fortsoftware.factory.shardnet.near]: Epoch 88: Contract received total rewards of 1708046545904055704423 tokens. New total staked balance is 1550067533416527473346454917. Total number of shares 1549107882697134904798687606
	Log [fortsoftware.factory.shardnet.near]: Total rewards fee is 11948923629857131937 and burn is 512096726993877083091 stake shares.
Transaction Id 3PiN1yBHEUVRTFpghjeGzUvbBnhaBFr8xmVYbvDzxKYo
To see the transaction in the transaction explorer, please open this url in your browser
https://explorer.shardnet.near.org/transactions/3PiN1yBHEUVRTFpghjeGzUvbBnhaBFr8xmVYbvDzxKYo
''
| Proposal(Accepted) | fortsoftware.factory.shardnet.near        | 1,550              | 1       |
---
Sat 20 Aug 2022 10:00:01 PM CEST
Scheduling a call: fortsoftware.factory.shardnet.near.ping({})
Doing account.functionCall()
Transaction Id Gb2ASbXHHAE7EF1pjYom5iKdhDiKaQZB5ZEVqEceS7mJ
To see the transaction in the transaction explorer, please open this url in your browser
https://explorer.shardnet.near.org/transactions/Gb2ASbXHHAE7EF1pjYom5iKdhDiKaQZB5ZEVqEceS7mJ
''
| Proposal(Accepted) | fortsoftware.factory.shardnet.near           | 1,550              | 1       |
---
Sun 21 Aug 2022 12:00:01 AM CEST
Scheduling a call: fortsoftware.factory.shardnet.near.ping({})
Doing account.functionCall()
Receipts: CLPVX1jTszuUR4nd4egtKsAiWk6TQ7yVfh6i1Ujirh5i, EuW3GEZBkiQM4jodSxRfMzojWmS2mJdwJHsRJKGXTXPm, dcpqJmvV3phBp4wqGhAHtsw2fz5LVUPkQHkxTEn2uVR
	Log [fortsoftware.factory.shardnet.near]: Epoch 89: Contract received total rewards of 1657295751096000000000 tokens. New total staked balance is 1550069190712278569346454917. Total number of shares 1549108391171560696908933112
	Log [fortsoftware.factory.shardnet.near]: Total rewards fee is 11593879415455282470 and burn is 496880546376654963036 stake shares.
Transaction Id 26i4oWqHTHK7xZnC5yNBUtsziHjKqJkaPrW5TnXqF7ki
To see the transaction in the transaction explorer, please open this url in your browser
https://explorer.shardnet.near.org/transactions/26i4oWqHTHK7xZnC5yNBUtsziHjKqJkaPrW5TnXqF7ki
''
| Proposal(Accepted) | fortsoftware.factory.shardnet.near           | 1,550              | 1       |
---
Sun 21 Aug 2022 02:00:01 AM CEST
Scheduling a call: fortsoftware.factory.shardnet.near.ping({})
Doing account.functionCall()
Transaction Id EKYmASdfmvCUp5j4Gmhd7mLN7Sku1u4seVJv67Dj6EwN
To see the transaction in the transaction explorer, please open this url in your browser
https://explorer.shardnet.near.org/transactions/EKYmASdfmvCUp5j4Gmhd7mLN7Sku1u4seVJv67Dj6EwN
''
| Proposal(Accepted) | fortsoftware.factory.shardnet.near           | 1,550              | 1       |
---
Sun 21 Aug 2022 04:00:01 AM CEST
Scheduling a call: fortsoftware.factory.shardnet.near.ping({})
Doing account.functionCall()
Receipts: 3C6WVMSTG7rXHxxtuw9Q26MvcYphZTYmf9CXXEHKM2tB, 2PZkP1LMXDzFHAZMHs2URKLN186m6eVs2agJ6eoxUfFb, ERjumVaZ4LM8hkdzUHbNXGRvfwocRLQncM8Te6JNzUsF
	Log [fortsoftware.factory.shardnet.near]: Epoch 90: Contract received total rewards of 1673988406482816356866 tokens. New total staked balance is 1550070864700685052162811783. Total number of shares 1549108904767070841700509077
	Log [fortsoftware.factory.shardnet.near]: Total rewards fee is 11710646811119026162 and burn is 501884863333672549803 stake shares.
Transaction Id DXNSJohgoUj493xReu7vXtrthAcDDBKfHA47zjUjZCTv
To see the transaction in the transaction explorer, please open this url in your browser
https://explorer.shardnet.near.org/transactions/DXNSJohgoUj493xReu7vXtrthAcDDBKfHA47zjUjZCTv
''
| Proposal(Accepted) | fortsoftware.factory.shardnet.near           | 1,550              | 1       |
---
Sun 21 Aug 2022 06:00:01 AM CEST
Scheduling a call: fortsoftware.factory.shardnet.near.ping({})
Doing account.functionCall()
Transaction Id 6zayHYamhJiGoLGnSuhc9peitJAAp14vLYL8KBwDGCHz
To see the transaction in the transaction explorer, please open this url in your browser
https://explorer.shardnet.near.org/transactions/6zayHYamhJiGoLGnSuhc9peitJAAp14vLYL8KBwDGCHz
''
| Proposal(Accepted) | fortsoftware.factory.shardnet.near           | 1,550              | 1       |
---
Sun 21 Aug 2022 08:00:01 AM CEST
Scheduling a call: fortsoftware.factory.shardnet.near.ping({})
Doing account.functionCall()
Receipts: 2gY1Sod31HUTJ7uD8MGgTQDkLCB3jdz56tGXA6crr3Lj, 2hT2DHw14WcuaXtqWmaZ749kgJgRnmoYdSs9Kx8JLUaj, 6tNpQzsKx4N86TQUcbWKLibq9Z3SCG2H9EbAAvXdzrFB
	Log [fortsoftware.factory.shardnet.near]: Epoch 91: Contract received total rewards of 1678019305566000000000 tokens. New total staked balance is 1550072542719990618162811783. Total number of shares 1549109419598912804170943471
	Log [fortsoftware.factory.shardnet.near]: Total rewards fee is 11738836787417892640 and burn is 503093005175052541754 stake shares.
Transaction Id 9z1km756bSebpff8aDQZETWqUZnumhH59rhJGUdZugHe
To see the transaction in the transaction explorer, please open this url in your browser
https://explorer.shardnet.near.org/transactions/9z1km756bSebpff8aDQZETWqUZnumhH59rhJGUdZugHe
''
| Proposal(Accepted) | fortsoftware.factory.shardnet.near           | 1,550              | 1       |
---
Sun 21 Aug 2022 10:00:01 AM CEST
Scheduling a call: fortsoftware.factory.shardnet.near.ping({})
Doing account.functionCall()
Transaction Id GviSG871XUhYVyUww2GaghGGp76eCd8onx6ScG3ZgMn4
To see the transaction in the transaction explorer, please open this url in your browser
https://explorer.shardnet.near.org/transactions/GviSG871XUhYVyUww2GaghGGp76eCd8onx6ScG3ZgMn4
''
| Proposal(Accepted) | fortsoftware.factory.shardnet.near           | 1,550              | 1       |
---
Sun 21 Aug 2022 12:00:01 PM CEST
Scheduling a call: fortsoftware.factory.shardnet.near.ping({})
Doing account.functionCall()
Receipts: 9JFbWpws9P76Kz92mqvrEc9CBw1NpU9Ymne8yc9SPt4h, 9mknjyvfpYroDRew3AiikxpHDd7TE6qd6RVDfFXCmb4B, HZUNLdcfDi7J4qyFKjikkqmmP6svjneswN5K6CZM2yrn
	Log [fortsoftware.factory.shardnet.near]: Epoch 92: Contract received total rewards of 1657732079607491930156 tokens. New total staked balance is 1550074200452070225654741939. Total number of shares 1549109928206069272907334999
	Log [fortsoftware.factory.shardnet.near]: Total rewards fee is 11596905847821350946 and burn is 497010250620915040582 stake shares.
Transaction Id 6LTQcznqb4Vuv4dVwkfvFHZanj2ivknQDWnVCwGpZgi7
To see the transaction in the transaction explorer, please open this url in your browser
https://explorer.shardnet.near.org/transactions/6LTQcznqb4Vuv4dVwkfvFHZanj2ivknQDWnVCwGpZgi7
''
| Proposal(Accepted) | fortsoftware.factory.shardnet.near        | 1,550              | 1       |
---
Sun 21 Aug 2022 02:00:01 PM CEST
Scheduling a call: fortsoftware.factory.shardnet.near.ping({})
Doing account.functionCall()
Transaction Id 2cMaCuHy6Sz1qAqZDKrSLSFMD5X87XDEEihdQVJ33AtN
To see the transaction in the transaction explorer, please open this url in your browser
https://explorer.shardnet.near.org/transactions/2cMaCuHy6Sz1qAqZDKrSLSFMD5X87XDEEihdQVJ33AtN
''
| Proposal(Accepted) | fortsoftware.factory.shardnet.near           | 1,550              | 1       |
---
Sun 21 Aug 2022 04:00:01 PM CEST
Scheduling a call: fortsoftware.factory.shardnet.near.ping({})
Doing account.functionCall()
Receipts: HmiSPZowYMczbF7VnFzNxDkqovqk81eTqMzfG112srmX, h3tdvejW9GZUPGD4TdcQbNWsgoPJLd4XBvuGWLnwTys, DwPwAx9ro5ba1e8bpM9PHtx2zJBcVWFNbJEVgaUEupDz
	Log [fortsoftware.factory.shardnet.near]: Epoch 93: Contract received total rewards of 1661477912657848088890 tokens. New total staked balance is 1550075861929982883502830829. Total number of shares 1549110437962102462985887826
	Log [fortsoftware.factory.shardnet.near]: Total rewards fee is 11623101733975732474 and burn is 498132931456102820353 stake shares.
Transaction Id 7sA672s5CNbNA3C9UUP5knqsnmHZzkcgtN7uoMky74WN
To see the transaction in the transaction explorer, please open this url in your browser
https://explorer.shardnet.near.org/transactions/7sA672s5CNbNA3C9UUP5knqsnmHZzkcgtN7uoMky74WN
''
| Proposal(Accepted) | fortsoftware.factory.shardnet.near        | 1,550              | 1       |
---
Sun 21 Aug 2022 06:00:01 PM CEST
Scheduling a call: fortsoftware.factory.shardnet.near.ping({})
Doing account.functionCall()
Transaction Id EqCAUnvcZy9WihPR976mc2RbgLzGkjm93pahjWoofTcx
To see the transaction in the transaction explorer, please open this url in your browser
https://explorer.shardnet.near.org/transactions/EqCAUnvcZy9WihPR976mc2RbgLzGkjm93pahjWoofTcx
''
| Proposal(Accepted) | fortsoftware.factory.shardnet.near           | 1,550              | 1       |
---
Sun 21 Aug 2022 08:00:01 PM CEST
Scheduling a call: fortsoftware.factory.shardnet.near.ping({})
Doing account.functionCall()
Receipts: 3ECT5gXvuXN615pUrX6WzL9TAhqv3pdx5e7y51dvs5CJ, FLZ8EoTjBpegrihka1Yg9nucZS8ZZJzD9PC8KPqW7zj8, 72SYQUw3F6H9exVRnYhiPFp5gNR8ByGnhsjs9LzNNuJz
	Log [fortsoftware.factory.shardnet.near]: Epoch 94: Contract received total rewards of 1719887060415144375000 tokens. New total staked balance is 1550077581817043298647205829. Total number of shares 1549110965638170044272512870
	Log [fortsoftware.factory.shardnet.near]: Total rewards fee is 12031701866674287867 and burn is 515644365714612337177 stake shares.
Transaction Id 4Avbhu7XtW8rrLogUUDd2xsuoRHgQHFbX9uVud9svxW6
To see the transaction in the transaction explorer, please open this url in your browser
https://explorer.shardnet.near.org/transactions/4Avbhu7XtW8rrLogUUDd2xsuoRHgQHFbX9uVud9svxW6
''
| Proposal(Accepted) | fortsoftware.factory.shardnet.near           | 1,550              | 1       |
---
Sun 21 Aug 2022 10:00:01 PM CEST
Scheduling a call: fortsoftware.factory.shardnet.near.ping({})
Doing account.functionCall()
Transaction Id 4ZF9trxBpgd8aWaxtpkYMtNbyqvfsUtUs4UcZA9cix1Z
To see the transaction in the transaction explorer, please open this url in your browser
https://explorer.shardnet.near.org/transactions/4ZF9trxBpgd8aWaxtpkYMtNbyqvfsUtUs4UcZA9cix1Z
''
| Proposal(Accepted) | fortsoftware.factory.shardnet.near           | 1,550              | 1       |
---
Mon 22 Aug 2022 12:00:01 AM CEST
Scheduling a call: fortsoftware.factory.shardnet.near.ping({})
Doing account.functionCall()
Receipts: CrbXSS1YaC2z6b44RpuNNCdfLBxvN1Jwmw444jUyrGd9, AKTZwDauzsXiW1aGj3Ej4iXymqow3xSWmGDwve4odN6d, GWmoFxU8Kax9E5pFEoypbTb4p2SxFjmFqwsZxhUUgvrZ
	Log [fortsoftware.factory.shardnet.near]: Epoch 95: Contract received total rewards of 1716176370308216155192 tokens. New total staked balance is 1550079297993413606863361021. Total number of shares 1549111492175362157430500439
	Log [fortsoftware.factory.shardnet.near]: Total rewards fee is 12005734022124123494 and burn is 514531458091033864075 stake shares.
Transaction Id HfoLBtUyhHi4Hcsu5RqUAjsaZ7SLNYLv2wrJkkzqh4mu
To see the transaction in the transaction explorer, please open this url in your browser
https://explorer.shardnet.near.org/transactions/HfoLBtUyhHi4Hcsu5RqUAjsaZ7SLNYLv2wrJkkzqh4mu
''
| Proposal(Accepted) | fortsoftware.factory.shardnet.near           | 1,550              | 1       |
---
Mon 22 Aug 2022 02:00:01 AM CEST
Scheduling a call: fortsoftware.factory.shardnet.near.ping({})
Doing account.functionCall()
Transaction Id CbLTfzgqaVqq2atqCTNdcuNCzAPKFq6QukXtF92We4o8
To see the transaction in the transaction explorer, please open this url in your browser
https://explorer.shardnet.near.org/transactions/CbLTfzgqaVqq2atqCTNdcuNCzAPKFq6QukXtF92We4o8
''
| Proposal(Accepted) | fortsoftware.factory.shardnet.near           | 1,550              | 1       |
---
Mon 22 Aug 2022 04:00:01 AM CEST
Scheduling a call: fortsoftware.factory.shardnet.near.ping({})
Doing account.functionCall()
Receipts: DFNC61tWedqCKmZpCwL8FcWfFdwzcazNj6ohCuyyLr7T, 3CqsZ5awfpk2hZ4oxx5k8vuw8e9c3C9Usc8JkACqzqUC, 4q6xSdvk43N67zBTdEp6BmSKtMmgSS6AykCRDzThaebn
	Log [fortsoftware.factory.shardnet.near]: Epoch 96: Contract received total rewards of 1864382769384074639674 tokens. New total staked balance is 1550081162376182990938000695. Total number of shares 1549112064183034075276177909
	Log [fortsoftware.factory.shardnet.near]: Total rewards fee is 13042520206595829778 and burn is 558965151711249847692 stake shares.
Transaction Id 5sKPZgENkhDBZJE5pNYVUsoGXu4ESen4Q4c5aZNYw4bk
To see the transaction in the transaction explorer, please open this url in your browser
https://explorer.shardnet.near.org/transactions/5sKPZgENkhDBZJE5pNYVUsoGXu4ESen4Q4c5aZNYw4bk
''
| Proposal(Accepted) | fortsoftware.factory.shardnet.near        | 1,550              | 1       |
---
Mon 22 Aug 2022 06:00:01 AM CEST
Scheduling a call: fortsoftware.factory.shardnet.near.ping({})
Doing account.functionCall()
Transaction Id 581CdzZS9MTHm6686NZX8WruQi5vSieYVeFRueP2cyX3
To see the transaction in the transaction explorer, please open this url in your browser
https://explorer.shardnet.near.org/transactions/581CdzZS9MTHm6686NZX8WruQi5vSieYVeFRueP2cyX3
''
| Proposal(Accepted) | fortsoftware.factory.shardnet.near           | 1,550              | 1       |
---
Mon 22 Aug 2022 08:00:01 AM CEST
Scheduling a call: fortsoftware.factory.shardnet.near.ping({})
Doing account.functionCall()
Receipts: Gv2o9DBNB1Tb75bYz1PRUhitWxGc2Kd8Qs4r1EwDfwy4, EVSj85hAW2Qr3ZWa54fHSJZBrWGREYKRs4RfdN11zSDE, 7Di6z25vLVqE7tRH65hod4kvTDRw4gdwU8NgWzwbAjrZ
	Log [fortsoftware.factory.shardnet.near]: Epoch 97: Contract received total rewards of 1674207463543914103931 tokens. New total staked balance is 1550082836583646534852104626. Total number of shares 1549112577843003719903956841
	Log [fortsoftware.factory.shardnet.near]: Total rewards fee is 11712116571701610594 and burn is 501947853072926168338 stake shares.
Transaction Id EhBXfFMZnN8gh5zwqgtRbmvyKrYZkyvjKUr1z8JMjj3a
To see the transaction in the transaction explorer, please open this url in your browser
https://explorer.shardnet.near.org/transactions/EhBXfFMZnN8gh5zwqgtRbmvyKrYZkyvjKUr1z8JMjj3a
''
| Proposal(Accepted) | fortsoftware.factory.shardnet.near        | 1,550              | 1       |
---
Mon 22 Aug 2022 10:00:01 AM CEST
Scheduling a call: fortsoftware.factory.shardnet.near.ping({})
Doing account.functionCall()
Transaction Id 4GKY3ZZRTYNp24YgnNrmgtfY572ZraR6hzDUhxQq8i7Z
To see the transaction in the transaction explorer, please open this url in your browser
https://explorer.shardnet.near.org/transactions/4GKY3ZZRTYNp24YgnNrmgtfY572ZraR6hzDUhxQq8i7Z
''
| Proposal(Accepted) | fortsoftware.factory.shardnet.near           | 1,550              | 1       |
---
Mon 22 Aug 2022 12:00:01 PM CEST
Scheduling a call: fortsoftware.factory.shardnet.near.ping({})
Doing account.functionCall()
Receipts: 4LEn1M2ydz3YEtNwDgoPe4eDrJKgrjF4KAHSegwXdKq6, H27TbshsWKjxtsj6donbqeEq7iQoNziDfE4N5EPojfHf, 6vtuA7aAc7g6Q4SRR8ssR3iqAe19UU2HJbZ5wqs7uAP5
	Log [fortsoftware.factory.shardnet.near]: Epoch 98: Contract received total rewards of 1711327749535837985776 tokens. New total staked balance is 1550084547911396070690090402. Total number of shares 1549113102891366289493642806
	Log [fortsoftware.factory.shardnet.near]: Total rewards fee is 11971786768687712708 and burn is 513076575800901973257 stake shares.
Transaction Id 5Ck4XsaiUvkpqfJvqNYMQrcApfDb2VqL2PqZPb4EgaKe
To see the transaction in the transaction explorer, please open this url in your browser
https://explorer.shardnet.near.org/transactions/5Ck4XsaiUvkpqfJvqNYMQrcApfDb2VqL2PqZPb4EgaKe
''
| Proposal(Accepted) | fortsoftware.factory.shardnet.near           | 1,550              | 1       |
---
Mon 22 Aug 2022 02:00:01 PM CEST
Scheduling a call: fortsoftware.factory.shardnet.near.ping({})
Doing account.functionCall()
Transaction Id 4gpbZG7sADgj7CKU8TxKTFGkjWX9upvsqpnriAYtZQNJ
To see the transaction in the transaction explorer, please open this url in your browser
https://explorer.shardnet.near.org/transactions/4gpbZG7sADgj7CKU8TxKTFGkjWX9upvsqpnriAYtZQNJ
''
| Proposal(Accepted) | fortsoftware.factory.shardnet.near           | 1,550              | 1       |
---
Mon 22 Aug 2022 04:00:01 PM CEST
Scheduling a call: fortsoftware.factory.shardnet.near.ping({})
Doing account.functionCall()
Receipts: EWDUmFdFmgrVG6sYDUDsTrefHeT2Sh9N8hDjA6sRJeSJ, Dns3eV4LpcnhcK6iPpoxjvxo4AG7iC2oEUdoQieoPFUR, 6HNp1PGVyDUtu2fM3oKPSXCzYoB4MnuQ7Hzw2ucqUD53
	Log [fortsoftware.factory.shardnet.near]: Epoch 99: Contract received total rewards of 1670034406874567847839 tokens. New total staked balance is 1550086217945802945257938241. Total number of shares 1549113615270234875193623441
	Log [fortsoftware.factory.shardnet.near]: Total rewards fee is 11682905798371009329 and burn is 500695962787328971306 stake shares.
Transaction Id 7KRqUA4tfWzPfZWzbbF4PW5iQZwuXn38aMGyU3x3eCJ6
To see the transaction in the transaction explorer, please open this url in your browser
https://explorer.shardnet.near.org/transactions/7KRqUA4tfWzPfZWzbbF4PW5iQZwuXn38aMGyU3x3eCJ6
''
| Proposal(Accepted) | fortsoftware.factory.shardnet.near           | 1,550              | 1       |
---
Mon 22 Aug 2022 06:00:01 PM CEST
Scheduling a call: fortsoftware.factory.shardnet.near.ping({})
Doing account.functionCall()
Transaction Id 6WgKJYgF8DC6gUPdbT2y9aoyBYcCr5WasP93HbHVmppg
To see the transaction in the transaction explorer, please open this url in your browser
https://explorer.shardnet.near.org/transactions/6WgKJYgF8DC6gUPdbT2y9aoyBYcCr5WasP93HbHVmppg
''
| Proposal(Accepted) | fortsoftware.factory.shardnet.near           | 1,550              | 1       |
---
Mon 22 Aug 2022 08:00:01 PM CEST
Scheduling a call: fortsoftware.factory.shardnet.near.ping({})
Doing account.functionCall()
Receipts: 3NzTcfSwrzQTCrv6hcQAYeS1CS5vaPSG3KNNHd5XFf8c, 85LgsGryogSgpDXALce8ZVag2AR4XMt7acarHSjiHmY8, CCeG7QhFxrLEYxKEwQ5tjzPJPRMwuE5bfB6RDZMoBt7F
	Log [fortsoftware.factory.shardnet.near]: Epoch 100: Contract received total rewards of 1657293036001000000000 tokens. New total staked balance is 1550087875238838946257938241. Total number of shares 1549114123739580199624212842
	Log [fortsoftware.factory.shardnet.near]: Total rewards fee is 11593763574172684448 and burn is 496875581750257904953 stake shares.
Transaction Id 4v2oMrhrn7BuXBjnTsNMUMyx7eNgX3B5dTpGYwZ9tLxo
To see the transaction in the transaction explorer, please open this url in your browser
https://explorer.shardnet.near.org/transactions/4v2oMrhrn7BuXBjnTsNMUMyx7eNgX3B5dTpGYwZ9tLxo
''
| Proposal(Accepted) | fortsoftware.factory.shardnet.near           | 1,550              | 1       |
---
Tue Aug 23 00:09:13 CEST 2022
Scheduling a call: fortsoftware.factory.shardnet.near.ping({})
Doing account.functionCall()
Receipts: 9jn9WBoHmrf1bYetGaDESVjyanE1znQN2yAFbKkvWwtM, J4eWYHAJxg9aDAUNPQhpz6CCUBWQxvFykughXM5uKEmt, 9jusLznkDAUEoVzYt79BxEnFSNpLXZYAzNJ6ymqPosHx
	Log [fortsoftware.factory.shardnet.near]: Epoch 101: Contract received total rewards of 1560723292053000000000 tokens. New total staked balance is 1550089435962130999257938241. Total number of shares 1549114602580303946244720685
	Log [fortsoftware.factory.shardnet.near]: Total rewards fee is 10918192398131412230 and burn is 467922531348489095613 stake shares.
Transaction Id DJtu4JB7Gfo78jB3Te2gSdKZ3qebjg6Gr4cT97dRSbTQ
To see the transaction in the transaction explorer, please open this url in your browser
https://explorer.shardnet.near.org/transactions/DJtu4JB7Gfo78jB3Te2gSdKZ3qebjg6Gr4cT97dRSbTQ
''
| Proposal(Accepted) | fortsoftware.factory.shardnet.near           | 1,550              | 1       |
---
Tue Aug 23 06:02:52 CEST 2022
Scheduling a call: fortsoftware.factory.shardnet.near.ping({})
Doing account.functionCall()
Receipts: HDKm6UjgqhkWnRsDJpcmVxRDuKP5AddZKNxLDphwbTrh, AUait4NpbYEmbQnQvyyuB5QpbWF7GwJWTUGHc84w67nt, 6Awb1csQ5JeoZYunSb33fiu7xpPTkKZEn9aQRim35C6r
	Log [fortsoftware.factory.shardnet.near]: Epoch 102: Contract received total rewards of 1610411494095000000000 tokens. New total staked balance is 1550091046373625094257938241. Total number of shares 1549115096665356754563778118
	Log [fortsoftware.factory.shardnet.near]: Total rewards fee is 11265782963056134860 and burn is 482819269845262922573 stake shares.
Transaction Id DqSEYPPwmx9WZRK6roLH1qzRrm8mdo1pkU1TpKbNXEP2
To see the transaction in the transaction explorer, please open this url in your browser
https://explorer.shardnet.near.org/transactions/DqSEYPPwmx9WZRK6roLH1qzRrm8mdo1pkU1TpKbNXEP2
''
| Proposal(Accepted) | fortsoftware.factory.shardnet.near           | 1,550              | 1       |
---
Tue Aug 23 18:45:52 CEST 2022
Scheduling a call: fortsoftware.factory.shardnet.near.ping({})
Doing account.functionCall()
Receipts: 3ifEwkJsFsc3WPWHLFH1BUoNHnCrf1MsZBKjWMpgu6te, 2Vr8RxSeCMzJUjLsE7DjdtC6pifght16HrsEqbWup5jg, EFwHUDrkRQHzG8DucUPSMCdADCAdjV5tT1kXNZwbaG8z
	Log [fortsoftware.factory.shardnet.near]: Epoch 106: Contract received total rewards of 1610414209190000000000 tokens. New total staked balance is 1550092656787834284257938241. Total number of shares 1549115590750886846127633283
	Log [fortsoftware.factory.shardnet.near]: Total rewards fee is 11265793845735983668 and burn is 482819736245827871497 stake shares.
Transaction Id 2yz7Z1BVQv14DsEfLswkiE1jVR6a2zwBkZVZwPRmDmvq
To see the transaction in the transaction explorer, please open this url in your browser
https://explorer.shardnet.near.org/transactions/2yz7Z1BVQv14DsEfLswkiE1jVR6a2zwBkZVZwPRmDmvq
''
| Proposal(Accepted) | fortsoftware.factory.shardnet.near        | 1,550              | 1       |
---
Tue 23 Aug 2022 08:00:01 PM CEST
Scheduling a call: fortsoftware.factory.shardnet.near.ping({})
Doing account.functionCall()
Transaction Id HykDz85oyGMb5EvFEo8Equy6MqLUTkANACoiXp6mmmWz
To see the transaction in the transaction explorer, please open this url in your browser
https://explorer.shardnet.near.org/transactions/HykDz85oyGMb5EvFEo8Equy6MqLUTkANACoiXp6mmmWz
''
| Proposal(Accepted) | fortsoftware.factory.shardnet.near           | 1,550              | 1       |
---
Tue 23 Aug 2022 10:00:01 PM CEST
Scheduling a call: fortsoftware.factory.shardnet.near.ping({})
Doing account.functionCall()
Transaction Id 9jXqb3yzYPTem7pR1kSb3mMsFawcTbuo5GTA9XvUsqGY
To see the transaction in the transaction explorer, please open this url in your browser
https://explorer.shardnet.near.org/transactions/9jXqb3yzYPTem7pR1kSb3mMsFawcTbuo5GTA9XvUsqGY
''
| Proposal(Accepted) | fortsoftware.factory.shardnet.near           | 1,550              | 1       |
---
Wed 24 Aug 2022 12:00:01 AM CEST
Scheduling a call: fortsoftware.factory.shardnet.near.ping({})
Doing account.functionCall()
Receipts: JCUZvnar5RgpJHK6TuQUzxf4Q4NZGrmQWCmYGKg5BfHS, BWL5iBXqWXzAJBjCz4g3yBzoLR1Z7A5ZABALwKsdFQYE, HkWqWNPBsLsvp162M2ibPAsn1KhjKQJaZA2zRwNEkXUK
	Log [fortsoftware.factory.shardnet.near]: Epoch 107: Contract received total rewards of 1853622040662000000000 tokens. New total staked balance is 1550094510409874946257938241. Total number of shares 1549116159453686636427498269
	Log [fortsoftware.factory.shardnet.near]: Total rewards fee is 12967164816065469234 and burn is 555735634974234395752 stake shares.
Transaction Id EVxoeT8rHUvK9QeeCUTgxe4vsGcZndyPqoFdPdkm5TW8
To see the transaction in the transaction explorer, please open this url in your browser
https://explorer.shardnet.near.org/transactions/EVxoeT8rHUvK9QeeCUTgxe4vsGcZndyPqoFdPdkm5TW8
''
| Proposal(Accepted) | fortsoftware.factory.shardnet.near           | 1,550              | 1       |
---
Wed 24 Aug 2022 02:00:01 AM CEST
Scheduling a call: fortsoftware.factory.shardnet.near.ping({})
Doing account.functionCall()
Transaction Id 7W1vGtGmQGUzQwbDVRDWpX5gJ54ymtrSXKko5bKmjTJX
To see the transaction in the transaction explorer, please open this url in your browser
https://explorer.shardnet.near.org/transactions/7W1vGtGmQGUzQwbDVRDWpX5gJ54ymtrSXKko5bKmjTJX
''
| Proposal(Accepted) | fortsoftware.factory.shardnet.near           | 1,550              | 1       |
---
Wed 24 Aug 2022 04:00:01 AM CEST
Scheduling a call: fortsoftware.factory.shardnet.near.ping({})
Doing account.functionCall()
Receipts: G9tXXSLZXhwD9JARW8bj1tgAswn11eKabn9R53yCUrf, CfB3gYJ2aqHfeuox5uGXQ1Nr12vxSNfBGRyCccPhQgpL, 8Eeciins3cpreug5wKHmnAP6LUpwqHaqhhuwVLiugiMW
	Log [fortsoftware.factory.shardnet.near]: Epoch 108: Contract received total rewards of 1694879321881054256472 tokens. New total staked balance is 1550096205289196827312194713. Total number of shares 1549116679452836492815719624
	Log [fortsoftware.factory.shardnet.near]: Total rewards fee is 11856658140047939900 and burn is 508142491716340281455 stake shares.
Transaction Id 4Fc7hc2H9we6nbTHN7tn2zLr8k4KmMWH2mVyW8XjnEc9
To see the transaction in the transaction explorer, please open this url in your browser
https://explorer.shardnet.near.org/transactions/4Fc7hc2H9we6nbTHN7tn2zLr8k4KmMWH2mVyW8XjnEc9
''
| Proposal(Accepted) | fortsoftware.factory.shardnet.near           | 1,550              | 1       |
---
Wed Aug 24 16:21:29 CEST 2022
Scheduling a call: fortsoftware.factory.shardnet.near.ping({})
Doing account.functionCall()
Receipts: EEYjvgYwzZAdUKjUfQPccWN6oZ2dJGM1pUEmNSfHk4uN, B4JjkWz2chSXr8oXuWvTPKMMSuJq5sXoW1yCMpYoxACc, 2RvtnUS2bDpVQcMtg7QpeY8d8cDnqpDXZMm7Wb6dAJKf
	Log [fortsoftware.factory.shardnet.near]: Epoch 111: Contract received total rewards of 1560708235618000000000 tokens. New total staked balance is 1550097765997432445312194713. Total number of shares 1549117158287157586945207498
	Log [fortsoftware.factory.shardnet.near]: Total rewards fee is 10918046409312398746 and burn is 467916274684817089128 stake shares.
Transaction Id 8XxsUC6aEaE4ekeQeAfKxSby4aDjU5dALqSEsynMLEWi
To see the transaction in the transaction explorer, please open this url in your browser
https://explorer.shardnet.near.org/transactions/8XxsUC6aEaE4ekeQeAfKxSby4aDjU5dALqSEsynMLEWi
''
| Proposal(Accepted) | fortsoftware.factory.shardnet.near           | 1,550              | 1       |
---
Wed 24 Aug 2022 06:00:01 PM CEST
Scheduling a call: fortsoftware.factory.shardnet.near.ping({})
Doing account.functionCall()
Transaction Id CR9hvZe9a5s62jTJG6er2NrPdzSDnVfy6M7X2ojCuvGv
To see the transaction in the transaction explorer, please open this url in your browser
https://explorer.shardnet.near.org/transactions/CR9hvZe9a5s62jTJG6er2NrPdzSDnVfy6M7X2ojCuvGv
''
| Proposal(Accepted) | fortsoftware.factory.shardnet.near           | 1,550              | 1       |
---
Wed 24 Aug 2022 08:00:01 PM CEST
Scheduling a call: fortsoftware.factory.shardnet.near.ping({})
Doing account.functionCall()
Receipts: J7pkqkXUnx5DKfQDnzgS25TDtKPGb1V7ZYaK1CcQiwJ6, 7iux7B6jPtszJHMMPAYBXcQK4fHKfhD8K362iJTQCD59, 3oKBMK6YKyxqriJKrRH9VLq5Te8vinFYRuJf2vSY6j8K
	Log [fortsoftware.factory.shardnet.near]: Epoch 112: Contract received total rewards of 1761194179651000000000 tokens. New total staked balance is 1550099527191612096312194713. Total number of shares 1549117698631301401763686979
	Log [fortsoftware.factory.shardnet.near]: Total rewards fee is 12320550510435600509 and burn is 528023593304382878972 stake shares.
Transaction Id HmJXDCRALomk3xKum5sXyvnGszCH7uUEh7wW779JK7jz
To see the transaction in the transaction explorer, please open this url in your browser
https://explorer.shardnet.near.org/transactions/HmJXDCRALomk3xKum5sXyvnGszCH7uUEh7wW779JK7jz
''
| Proposal(Accepted) | fortsoftware.factory.shardnet.near           | 1,550              | 1       |
---
Wed 24 Aug 2022 10:00:01 PM CEST
Scheduling a call: fortsoftware.factory.shardnet.near.ping({})
Doing account.functionCall()
Transaction Id 8NsQaZuzJjptWw2tx6ABN5kWsj8uJSGyVoQus9E9herq
To see the transaction in the transaction explorer, please open this url in your browser
https://explorer.shardnet.near.org/transactions/8NsQaZuzJjptWw2tx6ABN5kWsj8uJSGyVoQus9E9herq
''
| Proposal(Accepted) | fortsoftware.factory.shardnet.near           | 1,550              | 1       |
---
Thu 25 Aug 2022 12:00:01 AM CEST
Scheduling a call: fortsoftware.factory.shardnet.near.ping({})
Doing account.functionCall()
Receipts: ACvj7RYTRgg7KTAcABVLW3CUyA3pf5oPvCo5JSj833Er, AWcqZCZDg1K3seoTMHW5VMLHqoJR9xQy2mmNWqjddCHE, 99oSJh62WebdWq6iaxq3tnKuSHS8k2LMPnAGZFK82ig8
	Log [fortsoftware.factory.shardnet.near]: Epoch 113: Contract received total rewards of 1661624757009000000000 tokens. New total staked balance is 1550101188816369105312194713. Total number of shares 1549118208426615323510149986
	Log [fortsoftware.factory.shardnet.near]: Total rewards fee is 11623997385837867234 and burn is 498171316535908595773 stake shares.
Transaction Id 13EeWWKeRThuV8benSeoc2gNnfHhmUya5zSSjMvJTUZa
To see the transaction in the transaction explorer, please open this url in your browser
https://explorer.shardnet.near.org/transactions/13EeWWKeRThuV8benSeoc2gNnfHhmUya5zSSjMvJTUZa
''
| Proposal(Accepted) | fortsoftware.factory.shardnet.near           | 1,550              | 1       |
---
Thu 25 Aug 2022 02:00:01 AM CEST
Scheduling a call: fortsoftware.factory.shardnet.near.ping({})
Doing account.functionCall()
Transaction Id FuUdzGZBQWt72X38eWWivxnfUWZnpgLrJzQvjzKPv8ay
To see the transaction in the transaction explorer, please open this url in your browser
https://explorer.shardnet.near.org/transactions/FuUdzGZBQWt72X38eWWivxnfUWZnpgLrJzQvjzKPv8ay
''
| Proposal(Accepted) | fortsoftware.factory.shardnet.near           | 1,550              | 1       |
---
Thu 25 Aug 2022 04:00:01 AM CEST
Scheduling a call: fortsoftware.factory.shardnet.near.ping({})
Doing account.functionCall()
Transaction Id 7mag5REP3UPmrNQHYSg5GCSUPpcVEzErug7LKho29pmb
To see the transaction in the transaction explorer, please open this url in your browser
https://explorer.shardnet.near.org/transactions/7mag5REP3UPmrNQHYSg5GCSUPpcVEzErug7LKho29pmb
''
| Proposal(Accepted) | fortsoftware.factory.shardnet.near           | 1,550              | 1       |
---
Thu 25 Aug 2022 06:00:01 AM CEST
Scheduling a call: fortsoftware.factory.shardnet.near.ping({})
Doing account.functionCall()
Receipts: 6hJGKePMTGfz59Sap87YPhvfXJyCacyQESjcTRQrhfmF, 8AjMY34LN5FND3cQQvkt33MJAVx5FyG7UmW3kGsweMJo, 5kiYCUNSWs8hUjwbQc8Mqwn5uC2KqPy4VnynGqcchs8o
	Log [fortsoftware.factory.shardnet.near]: Epoch 114: Contract received total rewards of 1816906982086093408042 tokens. New total staked balance is 1550103005723351191405602755. Total number of shares 1549118765862889077639498792
	Log [fortsoftware.factory.shardnet.near]: Total rewards fee is 12710273342928030754 and burn is 544726000411201318052 stake shares.
Transaction Id FvNkVx9dwa5fYYoRtCGMGYjhGkR1DmEPg4N43va8ckRH
To see the transaction in the transaction explorer, please open this url in your browser
https://explorer.shardnet.near.org/transactions/FvNkVx9dwa5fYYoRtCGMGYjhGkR1DmEPg4N43va8ckRH
''
| Proposal(Accepted) | fortsoftware.factory.shardnet.near           | 1,550              | 1       |
---
Thu 25 Aug 2022 08:00:01 AM CEST
Scheduling a call: fortsoftware.factory.shardnet.near.ping({})
Doing account.functionCall()
Transaction Id GGFWptneJ4pZc1b6PK21YV1MrygC54FwSjJkeNofojaB
To see the transaction in the transaction explorer, please open this url in your browser
https://explorer.shardnet.near.org/transactions/GGFWptneJ4pZc1b6PK21YV1MrygC54FwSjJkeNofojaB
''
| Proposal(Accepted) | fortsoftware.factory.shardnet.near           | 1,550              | 1       |
---
Thu 25 Aug 2022 10:00:01 AM CEST
Scheduling a call: fortsoftware.factory.shardnet.near.ping({})
Doing account.functionCall()
Receipts: FKUyknikaVQ8opm4SVeEGB4MQunCJMUqtYvGEoqbVU3z, 8N7CFy2mvTE6J5juJiUYthG2fh2onrPLtniX7krsXWTu, AzQiscnLgJFCoNiwnxHWvmHpGQ2ZfDQmhoKBjX4GJgsN
	Log [fortsoftware.factory.shardnet.near]: Epoch 115: Contract received total rewards of 1657295481225449388096 tokens. New total staked balance is 1550104663018832416854990851. Total number of shares 1549119274329168409445256336
	Log [fortsoftware.factory.shardnet.near]: Total rewards fee is 11593693665546059617 and burn is 496872585666259697927 stake shares.
Transaction Id GXBg3AhKESKsDb4gYb3iHMadp5Ma1DZ2bv4MH7BRbnhh
To see the transaction in the transaction explorer, please open this url in your browser
https://explorer.shardnet.near.org/transactions/GXBg3AhKESKsDb4gYb3iHMadp5Ma1DZ2bv4MH7BRbnhh
''
| Proposal(Accepted) | fortsoftware.factory.shardnet.near        | 1,550              | 1       |
---
Thu 25 Aug 2022 12:00:01 PM CEST
Scheduling a call: fortsoftware.factory.shardnet.near.ping({})
Doing account.functionCall()
Transaction Id CFuAvMW4ULJ8V7Xwmmh81v3rQCReZsSsHNH4YmtiGcDv
To see the transaction in the transaction explorer, please open this url in your browser
https://explorer.shardnet.near.org/transactions/CFuAvMW4ULJ8V7Xwmmh81v3rQCReZsSsHNH4YmtiGcDv
''
| Proposal(Accepted) | fortsoftware.factory.shardnet.near           | 1,550              | 1       |
---
Thu 25 Aug 2022 02:00:01 PM CEST
Scheduling a call: fortsoftware.factory.shardnet.near.ping({})
Doing account.functionCall()
Receipts: Fm3m7sNWVqy39DbHZhic5hT5EnE8X1SJsGkRShF2464D, 5cK6yc8AAWgTEEMVrzo8ZZNqoVK8LQAjkenPJ1Gnk67a, A19gYyKn8pdGEoXT7WhbeoU3vWpoqgqC5xxS2QmF8qL5
	Log [fortsoftware.factory.shardnet.near]: Epoch 116: Contract received total rewards of 1682406976913254940670 tokens. New total staked balance is 1550106345425809330109931521. Total number of shares 1549119790499387987931627161
	Log [fortsoftware.factory.shardnet.near]: Total rewards fee is 11769353540877539399 and burn is 504400866037608831426 stake shares.
Transaction Id 87bZsWoeA6J2TmjsnZYciyhqCUM9xG6dCZaLwqSgMqaV
To see the transaction in the transaction explorer, please open this url in your browser
https://explorer.shardnet.near.org/transactions/87bZsWoeA6J2TmjsnZYciyhqCUM9xG6dCZaLwqSgMqaV
''
| Proposal(Accepted) | fortsoftware.factory.shardnet.near           | 1,550              | 1       |
---
Thu 25 Aug 2022 04:00:01 PM CEST
Scheduling a call: fortsoftware.factory.shardnet.near.ping({})
Doing account.functionCall()
Transaction Id Fwwxd2TFwZUoT755ZXnP2MepccTBt8RkbBh8qqtxrWMg
To see the transaction in the transaction explorer, please open this url in your browser
https://explorer.shardnet.near.org/transactions/Fwwxd2TFwZUoT755ZXnP2MepccTBt8RkbBh8qqtxrWMg
''
| Proposal(Accepted) | fortsoftware.factory.shardnet.near           | 1,550              | 1       |
---
Thu 25 Aug 2022 06:00:01 PM CEST
Scheduling a call: fortsoftware.factory.shardnet.near.ping({})
Doing account.functionCall()
Receipts: GrN4tbCe33VVvnWEF4TiSpdMQsxTMHKY9uWmMPj5Pgq6, 5nhJGt4CvNvsLXyqLwrUQevWT1DJEESpyCedjeU4JZje, 6hJXAC38ZSvWB9ETQr4oC7RLpVN6jYJ9P2FXt6Y5tnKE
	Log [fortsoftware.factory.shardnet.near]: Epoch 117: Contract received total rewards of 1643716101572930680500 tokens. New total staked balance is 1550107989141910903040612021. Total number of shares 1549120294798697990055679072
	Log [fortsoftware.factory.shardnet.near]: Total rewards fee is 11498681335553317144 and burn is 492800628666570734767 stake shares.
Transaction Id Ftsnw49jQ3mhmZVaSQvMQtUse6xN1dEF2tZnKpitDhBn
To see the transaction in the transaction explorer, please open this url in your browser
https://explorer.shardnet.near.org/transactions/Ftsnw49jQ3mhmZVaSQvMQtUse6xN1dEF2tZnKpitDhBn
''
| Proposal(Accepted) | fortsoftware.factory.shardnet.near           | 1,550              | 1       |
---
Thu 25 Aug 2022 08:00:01 PM CEST
Scheduling a call: fortsoftware.factory.shardnet.near.ping({})
Doing account.functionCall()
Transaction Id 75FVwEgfN2cNbozgzYFgFyjyffPs2MsYMXHE9mj5CWPv
To see the transaction in the transaction explorer, please open this url in your browser
https://explorer.shardnet.near.org/transactions/75FVwEgfN2cNbozgzYFgFyjyffPs2MsYMXHE9mj5CWPv
''
| Proposal(Accepted) | fortsoftware.factory.shardnet.near           | 1,550              | 1       |
---
Thu 25 Aug 2022 10:00:01 PM CEST
Scheduling a call: fortsoftware.factory.shardnet.near.ping({})
Doing account.functionCall()
Transaction Id 8QkQNcmReeJa1wHmqi1WEtWkAmv8N52Q4y1z6FwfRs4H
To see the transaction in the transaction explorer, please open this url in your browser
https://explorer.shardnet.near.org/transactions/8QkQNcmReeJa1wHmqi1WEtWkAmv8N52Q4y1z6FwfRs4H
''
| Proposal(Accepted) | fortsoftware.factory.shardnet.near           | 1,550              | 1       |
---
Fri 26 Aug 2022 12:00:01 AM CEST
Scheduling a call: fortsoftware.factory.shardnet.near.ping({})
Doing account.functionCall()
Receipts: FTtamEHC4LXJ9EFSuMR2tq9AeDw8T3ngz5JCLaSCTmWk, H1V5BNgiN7DjGKc44N5qgDhp7JQLBu8zS3biYeA8oY3X, FnQBwYg1P8wzo4wJPLzb5oA7TLiszqPH6beC7aZb6xRx
	Log [fortsoftware.factory.shardnet.near]: Epoch 118: Contract received total rewards of 1766658986442000000000 tokens. New total staked balance is 1550109755800897345040612021. Total number of shares 1549120836816996257083430175
	Log [fortsoftware.factory.shardnet.near]: Total rewards fee is 12358723413254704422 and burn is 529659574853773046681 stake shares.
Transaction Id BYYZqfazNR5qgx6wcCo1c1wtWbQ9dRz443PfRM9Lt8Q9
To see the transaction in the transaction explorer, please open this url in your browser
https://explorer.shardnet.near.org/transactions/BYYZqfazNR5qgx6wcCo1c1wtWbQ9dRz443PfRM9Lt8Q9
''
| Proposal(Accepted) | fortsoftware.factory.shardnet.near           | 1,550              | 1       |
---
Fri 26 Aug 2022 02:00:01 AM CEST
Scheduling a call: fortsoftware.factory.shardnet.near.ping({})
Doing account.functionCall()
Transaction Id 2EzuPVjrGWT6w8aTgGgvsF1BxjwAy98UQQNTvjPMC3H8
To see the transaction in the transaction explorer, please open this url in your browser
https://explorer.shardnet.near.org/transactions/2EzuPVjrGWT6w8aTgGgvsF1BxjwAy98UQQNTvjPMC3H8
''
| Proposal(Accepted) | fortsoftware.factory.shardnet.near           | 1,550              | 1       |
---
Fri 26 Aug 2022 04:00:01 AM CEST
Scheduling a call: fortsoftware.factory.shardnet.near.ping({})
Doing account.functionCall()
Transaction Id AyoEULcHx1Ji65rmp4NxPHezNUoz99PbsmgZC1BAaE6v
To see the transaction in the transaction explorer, please open this url in your browser
https://explorer.shardnet.near.org/transactions/AyoEULcHx1Ji65rmp4NxPHezNUoz99PbsmgZC1BAaE6v
''
| Proposal(Accepted) | fortsoftware.factory.shardnet.near           | 1,550              | 1       |
---
Fri 26 Aug 2022 06:00:01 AM CEST
Scheduling a call: fortsoftware.factory.shardnet.near.ping({})
Doing account.functionCall()
Transaction Id 4VrLaY3inyMTxoNEXYaXyNYtVYmPPuNPuVGEHHfv4NpL
To see the transaction in the transaction explorer, please open this url in your browser
https://explorer.shardnet.near.org/transactions/4VrLaY3inyMTxoNEXYaXyNYtVYmPPuNPuVGEHHfv4NpL
''
| Proposal(Accepted) | fortsoftware.factory.shardnet.near           | 1,550              | 1       |
---
Fri 26 Aug 2022 08:00:01 AM CEST
Scheduling a call: fortsoftware.factory.shardnet.near.ping({})
Doing account.functionCall()
Receipts: 5egGuB7u8FqAyaWCoU6X7saTV5apwHFJv7QXXqARY4Du, 9wSZSK4q8dFNsLHWn5CHXfV7kUX1TJ4neBA4p6EusAy4, F5E7CpbGeU2zjYvoTC85UJA4MVqeytXHU6S6EbrV63eu
	Log [fortsoftware.factory.shardnet.near]: Epoch 119: Contract received total rewards of 1871773702088219911561 tokens. New total staked balance is 1550111627574599433260523582. Total number of shares 1549121411084444341447179578
	Log [fortsoftware.factory.shardnet.near]: Total rewards fee is 13094046047526209268 and burn is 561173402036837540135 stake shares.
Transaction Id 4iubXzJ3DwA2Bxv5GCkZL4XNnrNxJzHrWkQBmio8Afs7
To see the transaction in the transaction explorer, please open this url in your browser
https://explorer.shardnet.near.org/transactions/4iubXzJ3DwA2Bxv5GCkZL4XNnrNxJzHrWkQBmio8Afs7
''
| Proposal(Accepted) | fortsoftware.factory.shardnet.near           | 1,550              | 1       |
---
Fri 26 Aug 2022 10:00:01 AM CEST
Scheduling a call: fortsoftware.factory.shardnet.near.ping({})
Doing account.functionCall()
Transaction Id FFCbFRLGYkHysVx3xdEHepq4LVMFGvMiXWMwD96bCnJv
To see the transaction in the transaction explorer, please open this url in your browser
https://explorer.shardnet.near.org/transactions/FFCbFRLGYkHysVx3xdEHepq4LVMFGvMiXWMwD96bCnJv
''
| Proposal(Accepted) | fortsoftware.factory.shardnet.near           | 1,550              | 1       |
---
Fri 26 Aug 2022 12:00:01 PM CEST
Scheduling a call: fortsoftware.factory.shardnet.near.ping({})
Doing account.functionCall()
Transaction Id D1Pim3GsHZ9Cmar3b1T68auiYcB57k9va21TzuyLSTTL
To see the transaction in the transaction explorer, please open this url in your browser
https://explorer.shardnet.near.org/transactions/D1Pim3GsHZ9Cmar3b1T68auiYcB57k9va21TzuyLSTTL
''
| Proposal(Accepted) | fortsoftware.factory.shardnet.near           | 1,550              | 1       |
---
Fri 26 Aug 2022 02:00:01 PM CEST
Scheduling a call: fortsoftware.factory.shardnet.near.ping({})
Doing account.functionCall()
Transaction Id 4qHEgpdxjdvucPkpAAkHa8h1PCfhQ2jyYL1YYaXEqM9C
To see the transaction in the transaction explorer, please open this url in your browser
https://explorer.shardnet.near.org/transactions/4qHEgpdxjdvucPkpAAkHa8h1PCfhQ2jyYL1YYaXEqM9C
''
| Proposal(Accepted) | fortsoftware.factory.shardnet.near           | 1,550              | 1       |
---
Fri 26 Aug 2022 04:00:01 PM CEST
Scheduling a call: fortsoftware.factory.shardnet.near.ping({})
Doing account.functionCall()
Receipts: 7JnpcFLct2vJtXmLGgW84EyVA7V5K6ui43FymaVPSCLb, 2Kk3NQtcug3HpxLgEaNmtToPhLoEZY3aPvkX1Ckec51r, 6knrfTpTTiFx8f1rMWW2b6tquFnJ7pe93N1G2XQAwEiB
	Log [fortsoftware.factory.shardnet.near]: Epoch 120: Contract received total rewards of 1911202067440768180965 tokens. New total staked balance is 1550113538776666874028704547. Total number of shares 1549121997448167181567259435
	Log [fortsoftware.factory.shardnet.near]: Total rewards fee is 13369856872576027878 and burn is 572993865967544051979 stake shares.
Transaction Id Au46s2fBszRAjgkmSWtH92CNaaJCEJztg3iAVtkiKgzJ
To see the transaction in the transaction explorer, please open this url in your browser
https://explorer.shardnet.near.org/transactions/Au46s2fBszRAjgkmSWtH92CNaaJCEJztg3iAVtkiKgzJ
''
| Proposal(Accepted) | fortsoftware.factory.shardnet.near           | 1,550              | 1       |
---
Fri 26 Aug 2022 06:00:01 PM CEST
Scheduling a call: fortsoftware.factory.shardnet.near.ping({})
Doing account.functionCall()
Transaction Id FNqo9ZCK8SWHgqMtXivHM61GYBUaapKFaLRSmtUmPXSy
To see the transaction in the transaction explorer, please open this url in your browser
https://explorer.shardnet.near.org/transactions/FNqo9ZCK8SWHgqMtXivHM61GYBUaapKFaLRSmtUmPXSy
''
| Proposal(Accepted) | fortsoftware.factory.shardnet.near           | 1,550              | 1       |
---
Fri 26 Aug 2022 08:00:01 PM CEST
Scheduling a call: fortsoftware.factory.shardnet.near.ping({})
Doing account.functionCall()
Transaction Id 6WGa5Wd4pPHfzovLd2R2nBU3hKHpBnE2yTnwLLSDhTfK
To see the transaction in the transaction explorer, please open this url in your browser
https://explorer.shardnet.near.org/transactions/6WGa5Wd4pPHfzovLd2R2nBU3hKHpBnE2yTnwLLSDhTfK
''
| Proposal(Accepted) | fortsoftware.factory.shardnet.near           | 1,550              | 1       |
---
Fri 26 Aug 2022 10:00:01 PM CEST
Scheduling a call: fortsoftware.factory.shardnet.near.ping({})
Doing account.functionCall()
Receipts: 535McxccdBq6MgcPsLBBVXAoSymqk6apRKDNhWDLHgdj, 2xiRYcHbB5dsLPVZXuxUqi1FmMxis1eRbNkmd1ge71S9, 4x5KcZTTBDFSXHe1m1uRGjwWhfLNU51BGSbQMk56W5JR
	Log [fortsoftware.factory.shardnet.near]: Epoch 121: Contract received total rewards of 1791729239398324150712 tokens. New total staked balance is 1550115330505906272352855259. Total number of shares 1549122547156752935345828196
	Log [fortsoftware.factory.shardnet.near]: Total rewards fee is 12534071987871172576 and burn is 537174513765907396185 stake shares.
Transaction Id 7p9uHkZM9rEw6DBTnnRV2jB2AStQZ3FxRkcKwmVMCGbj
To see the transaction in the transaction explorer, please open this url in your browser
https://explorer.shardnet.near.org/transactions/7p9uHkZM9rEw6DBTnnRV2jB2AStQZ3FxRkcKwmVMCGbj
''
| Proposal(Accepted) | fortsoftware.factory.shardnet.near           | 1,550              | 1       |
---
Sat 27 Aug 2022 12:00:01 AM CEST
Scheduling a call: fortsoftware.factory.shardnet.near.ping({})
Doing account.functionCall()
Transaction Id ypUctPM5GwVJRvTrhJZsEUBU7SjqA33fEEX18HbYLyS
To see the transaction in the transaction explorer, please open this url in your browser
https://explorer.shardnet.near.org/transactions/ypUctPM5GwVJRvTrhJZsEUBU7SjqA33fEEX18HbYLyS
''
| Proposal(Accepted) | fortsoftware.factory.shardnet.near           | 1,550              | 1       |
---
Sat 27 Aug 2022 02:00:01 AM CEST
Scheduling a call: fortsoftware.factory.shardnet.near.ping({})
Doing account.functionCall()
Receipts: DnvooZPWV6wURQe1Z5FtY25hUzPKYkJmhKQBzxGh6SHb, ERBfxvBCa1MgHRBSfs9jTJhUWTatfC97KXGT6BnHQuTT, 4mpnbQJMBa9FWe3Xy1PygjsCGmVKMXfGmLVavrz8XyTB
	Log [fortsoftware.factory.shardnet.near]: Epoch 122: Contract received total rewards of 1678123233780000000000 tokens. New total staked balance is 1550117008629140052352855259. Total number of shares 1549123062010245979294512915
	Log [fortsoftware.factory.shardnet.near]: Total rewards fee is 11739330460285474895 and burn is 503114162583663209824 stake shares.
Transaction Id GcS9UN8kttd2xwerU3TEk1gAxapgZYgcd5DmM7xvNovV
To see the transaction in the transaction explorer, please open this url in your browser
https://explorer.shardnet.near.org/transactions/GcS9UN8kttd2xwerU3TEk1gAxapgZYgcd5DmM7xvNovV
''
| Proposal(Accepted) | fortsoftware.factory.shardnet.near           | 1,550              | 1       |
---
Sat 27 Aug 2022 04:00:01 AM CEST
Scheduling a call: fortsoftware.factory.shardnet.near.ping({})
Doing account.functionCall()
Transaction Id E5d3kPkPpi88Foie7DCur1n7bXxmJe2HPwQ7uej4yJN4
To see the transaction in the transaction explorer, please open this url in your browser
https://explorer.shardnet.near.org/transactions/E5d3kPkPpi88Foie7DCur1n7bXxmJe2HPwQ7uej4yJN4
''
| Proposal(Accepted) | fortsoftware.factory.shardnet.near           | 1,550              | 1       |
---
Sat 27 Aug 2022 06:00:01 AM CEST
Scheduling a call: fortsoftware.factory.shardnet.near.ping({})
Doing account.functionCall()
Receipts: VqSsdjNYDhz5e3KvsNMJoQeLvkc7H22MMbLA9DeoezG, BmSVpXQtBbUxgZ8P4Ndr2uNfR8Mcddw3Xtp8wE5bHM5H, EaNnBcPcPjFEtsrpYfcTBozicB11wMsVdYekBSEj8r3c
	Log [fortsoftware.factory.shardnet.near]: Epoch 123: Contract received total rewards of 1641192491238834154508 tokens. New total staked balance is 1550118649821631291187009767. Total number of shares 1549123565532901462606809398
	Log [fortsoftware.factory.shardnet.near]: Total rewards fee is 11480972600596697313 and burn is 492041682882715599170 stake shares.
Transaction Id Gu7EsZGxzEyvSEdQ1FqnJfH5Cb7vo7H63uuNaepVfjx
To see the transaction in the transaction explorer, please open this url in your browser
https://explorer.shardnet.near.org/transactions/Gu7EsZGxzEyvSEdQ1FqnJfH5Cb7vo7H63uuNaepVfjx
''
| Proposal(Accepted) | fortsoftware.factory.shardnet.near           | 1,550              | 1       |
---
Sat 27 Aug 2022 08:00:01 AM CEST
Scheduling a call: fortsoftware.factory.shardnet.near.ping({})
Doing account.functionCall()
Transaction Id 6QCsQoUcLG6cn5D2sVeRFnixjHUMg71Ui2NnMMmNHcJR
To see the transaction in the transaction explorer, please open this url in your browser
https://explorer.shardnet.near.org/transactions/6QCsQoUcLG6cn5D2sVeRFnixjHUMg71Ui2NnMMmNHcJR
''
| Proposal(Accepted) | fortsoftware.factory.shardnet.near           | 1,550              | 1       |
---
Sat 27 Aug 2022 10:00:01 AM CEST
Scheduling a call: fortsoftware.factory.shardnet.near.ping({})
Doing account.functionCall()
Receipts: 4WDBKJsvee7Q1c3zi7ZHARAXEVF9FGdhqTFTGtTgt7RK, QBgL3udHoU3uD4QoxPXgdxW6bdaWAvs4izL6VZVS1yF, HKZJSz4yFB6KYG6edcVf68Ggkrzqt4azMKFuaLL5Qkef
	Log [fortsoftware.factory.shardnet.near]: Epoch 124: Contract received total rewards of 9508001323175000000000 tokens. New total staked balance is 1550128157822954466187009767. Total number of shares 1549126482603111181156657321
	Log [fortsoftware.factory.shardnet.near]: Total rewards fee is 66513001524527195229 and burn is 2850557208194022652694 stake shares.
Transaction Id 6btmNMrnppc22Vb7k2Sxck3EHjd7QFfAT4LftCDUEjyL
To see the transaction in the transaction explorer, please open this url in your browser
https://explorer.shardnet.near.org/transactions/6btmNMrnppc22Vb7k2Sxck3EHjd7QFfAT4LftCDUEjyL
''
| Proposal(Accepted) | fortsoftware.factory.shardnet.near           | 1,550              | 1       |
---
Sat 27 Aug 2022 12:00:01 PM CEST
Scheduling a call: fortsoftware.factory.shardnet.near.ping({})
Doing account.functionCall()
Transaction Id 8ZM39G5P4gZz2GPg4U6tsudcmNh2f5yLci7jNJrNH4RD
To see the transaction in the transaction explorer, please open this url in your browser
https://explorer.shardnet.near.org/transactions/8ZM39G5P4gZz2GPg4U6tsudcmNh2f5yLci7jNJrNH4RD
''
| Proposal(Accepted) | fortsoftware.factory.shardnet.near           | 1,550              | 1       |
---
Sat 27 Aug 2022 02:00:01 PM CEST
Scheduling a call: fortsoftware.factory.shardnet.near.ping({})
Doing account.functionCall()
Transaction Id 9puL2ksAszmSobr3iVoHxtXYwgxKE7YFJEFDcfHR4BrA
To see the transaction in the transaction explorer, please open this url in your browser
https://explorer.shardnet.near.org/transactions/9puL2ksAszmSobr3iVoHxtXYwgxKE7YFJEFDcfHR4BrA
''
| Proposal(Accepted) | fortsoftware.factory.shardnet.near           | 1,550              | 1       |
---
Sat 27 Aug 2022 04:00:01 PM CEST
Scheduling a call: fortsoftware.factory.shardnet.near.ping({})
Doing account.functionCall()
Receipts: CkrFK8KmVEaGuUz6ud4xWDbAT1D96xQ1WG3VpHoDsRJ4, 5Hh1BiqebFPo3ruhPTi5mo78X2X3SddD3Px7eyCtApZd, 2syz5wHwdTjsD2SaCnqvDpjefGUJ6i2JshcsHSGL9RrV
	Log [fortsoftware.factory.shardnet.near]: Epoch 125: Contract received total rewards of 19834198722069000000000 tokens. New total staked balance is 1550147992021676535187009767. Total number of shares 1549132567713455077536996695
	Log [fortsoftware.factory.shardnet.near]: Total rewards fee is 138748444323370235751 and burn is 5946361899573010103623 stake shares.
Transaction Id GJjB7miHTYCz7h9XNqEKJbrG5GKmSFuBK2FqFYbEgfFD
To see the transaction in the transaction explorer, please open this url in your browser
https://explorer.shardnet.near.org/transactions/GJjB7miHTYCz7h9XNqEKJbrG5GKmSFuBK2FqFYbEgfFD
''
| Proposal(Accepted) | fortsoftware.factory.shardnet.near           | 1,550              | 1       |
---
Sat 27 Aug 2022 06:00:01 PM CEST
Scheduling a call: fortsoftware.factory.shardnet.near.ping({})
Doing account.functionCall()
Transaction Id FcLgWRRQrwSKrQqVd58Y15RfjyQaNowo3uZDxDcFogUV
To see the transaction in the transaction explorer, please open this url in your browser
https://explorer.shardnet.near.org/transactions/FcLgWRRQrwSKrQqVd58Y15RfjyQaNowo3uZDxDcFogUV
''
| Proposal(Accepted) | fortsoftware.factory.shardnet.near           | 1,550              | 1       |
